#! /usr/bin/vvp
:ivl_version "10.3 (stable)";
:ivl_delay_selection "TYPICAL";
:vpi_time_precision + 0;
:vpi_module "system";
:vpi_module "vhdl_sys";
:vpi_module "v2005_math";
:vpi_module "va_math";
S_0x55af63a68c50 .scope module, "testebench" "testebench" 2 1;
 .timescale 0 0;
v0x55af63a78320_0 .var "a", 3 0;
v0x55af63a783e0_0 .net "aberto", 0 0, L_0x55af63a786f0;  1 drivers
v0x55af63a784b0_0 .var "b", 3 0;
S_0x55af63a68dd0 .scope module, "cad1" "cadeado" 2 6, 3 1 0, S_0x55af63a68c50;
 .timescale 0 0;
    .port_info 0 /OUTPUT 1 "aberto"
    .port_info 1 /INPUT 4 "a"
    .port_info 2 /INPUT 4 "b"
L_0x55af63a785b0 .functor XOR 4, v0x55af63a78320_0, v0x55af63a784b0_0, C4<0000>, C4<0000>;
v0x55af63a33080_0 .net *"_s0", 3 0, L_0x55af63a785b0;  1 drivers
L_0x7f08cb4ea018 .functor BUFT 1, C4<1010>, C4<0>, C4<0>, C4<0>;
v0x55af63a77f10_0 .net/2u *"_s2", 3 0, L_0x7f08cb4ea018;  1 drivers
v0x55af63a77ff0_0 .net "a", 3 0, v0x55af63a78320_0;  1 drivers
v0x55af63a780b0_0 .net "aberto", 0 0, L_0x55af63a786f0;  alias, 1 drivers
v0x55af63a78170_0 .net "b", 3 0, v0x55af63a784b0_0;  1 drivers
L_0x55af63a786f0 .cmp/eq 4, L_0x55af63a785b0, L_0x7f08cb4ea018;
    .scope S_0x55af63a68c50;
T_0 ;
    %vpi_call 2 9 "$dumpvars" {0 0 0};
    %pushi/vec4 10, 0, 4;
    %assign/vec4 v0x55af63a78320_0, 0;
    %pushi/vec4 0, 0, 4;
    %assign/vec4 v0x55af63a784b0_0, 0;
    %delay 500, 0;
    %vpi_call 2 16 "$finish" {0 0 0};
    %end;
    .thread T_0;
# The file index is used to find the file name in the following table.
:file_names 4;
    "N/A";
    "<interactive>";
    "testbench.v";
    "cadeado.v";
