#! /usr/bin/vvp
:ivl_version "10.3 (stable)";
:ivl_delay_selection "TYPICAL";
:vpi_time_precision + 0;
:vpi_module "system";
:vpi_module "vhdl_sys";
:vpi_module "v2005_math";
:vpi_module "va_math";
S_0x555ec468a0d0 .scope module, "testbench" "testbench" 2 1;
 .timescale 0 0;
L_0x555ec46cff60 .functor BUFZ 1, v0x555ec46cfd90_0, C4<0>, C4<0>, C4<0>;
L_0x555ec46d0020 .functor BUFZ 5, v0x555ec468a250_0, C4<00000>, C4<00000>, C4<00000>;
L_0x555ec46d00f0 .functor BUFZ 5, v0x555ec468a250_0, C4<00000>, C4<00000>, C4<00000>;
v0x555ec468a250_0 .var "num", 4 0;
v0x555ec46cfbf0_0 .net "num_wire1", 4 0, L_0x555ec46d0020;  1 drivers
v0x555ec46cfcd0_0 .net "num_wire2", 0 4, L_0x555ec46d00f0;  1 drivers
v0x555ec46cfd90_0 .var "x", 0 0;
v0x555ec46cfe50_0 .net "x_wire", 0 0, L_0x555ec46cff60;  1 drivers
    .scope S_0x555ec468a0d0;
T_0 ;
    %vpi_call 2 16 "$dumpvars" {0 0 0};
    %delay 1, 0;
    %pushi/vec4 0, 0, 1;
    %assign/vec4 v0x555ec46cfd90_0, 0;
    %delay 1, 0;
    %pushi/vec4 1, 0, 1;
    %assign/vec4 v0x555ec46cfd90_0, 0;
    %delay 1, 0;
    %pushi/vec4 0, 0, 1;
    %assign/vec4 v0x555ec46cfd90_0, 0;
    %delay 1, 0;
    %pushi/vec4 1, 0, 1;
    %assign/vec4 v0x555ec46cfd90_0, 0;
    %delay 1, 0;
    %pushi/vec4 0, 1, 1;
    %assign/vec4 v0x555ec46cfd90_0, 0;
    %delay 1, 0;
    %pushi/vec4 0, 0, 5;
    %assign/vec4 v0x555ec468a250_0, 0;
    %delay 1, 0;
    %pushi/vec4 10, 0, 5;
    %assign/vec4 v0x555ec468a250_0, 0;
    %delay 1, 0;
    %pushi/vec4 10, 0, 5;
    %assign/vec4 v0x555ec468a250_0, 0;
    %delay 1, 0;
    %pushi/vec4 30, 0, 5;
    %assign/vec4 v0x555ec468a250_0, 0;
    %delay 1, 0;
    %vpi_call 2 47 "$finish" {0 0 0};
    %end;
    .thread T_0;
# The file index is used to find the file name in the following table.
:file_names 3;
    "N/A";
    "<interactive>";
    "tipos.v";
