#! /usr/bin/vvp
:ivl_version "10.3 (stable)";
:ivl_delay_selection "TYPICAL";
:vpi_time_precision + 0;
:vpi_module "system";
:vpi_module "vhdl_sys";
:vpi_module "v2005_math";
:vpi_module "va_math";
S_0x5638b6f50720 .scope module, "testbench" "testbench" 2 1;
 .timescale 0 0;
v0x5638b6f63400_0 .var "a", 0 0;
v0x5638b6f634c0_0 .net "aberto", 0 0, L_0x5638b6f739c0;  1 drivers
v0x5638b6f63590_0 .var "b", 0 0;
v0x5638b6f63690_0 .var "c", 0 0;
v0x5638b6f63760_0 .var "d", 0 0;
S_0x5638b6f508a0 .scope module, "cad1" "cadeado" 2 5, 3 1 0, S_0x5638b6f50720;
 .timescale 0 0;
    .port_info 0 /OUTPUT 1 "aberto"
    .port_info 1 /INPUT 1 "a"
    .port_info 2 /INPUT 1 "b"
    .port_info 3 /INPUT 1 "c"
    .port_info 4 /INPUT 1 "d"
v0x5638b6f190d0_0 .net *"_s0", 31 0, L_0x5638b6f63800;  1 drivers
L_0x7f9cb8064018 .functor BUFT 1, C4<0000000000000000>, C4<0>, C4<0>, C4<0>;
v0x5638b6f62bc0_0 .net *"_s3", 15 0, L_0x7f9cb8064018;  1 drivers
L_0x7f9cb8064060 .functor BUFT 1, C4<00000000000000000000000000000101>, C4<0>, C4<0>, C4<0>;
v0x5638b6f62ca0_0 .net/2u *"_s4", 31 0, L_0x7f9cb8064060;  1 drivers
v0x5638b6f62d90_0 .net "a", 0 0, v0x5638b6f63400_0;  1 drivers
v0x5638b6f62e50_0 .net "aberto", 0 0, L_0x5638b6f739c0;  alias, 1 drivers
v0x5638b6f62f60_0 .net "b", 0 0, v0x5638b6f63590_0;  1 drivers
v0x5638b6f63020_0 .net "c", 0 0, v0x5638b6f63690_0;  1 drivers
v0x5638b6f630e0_0 .var "conta_c", 15 0;
v0x5638b6f631c0_0 .var "conta_d", 15 0;
v0x5638b6f632a0_0 .net "d", 0 0, v0x5638b6f63760_0;  1 drivers
E_0x5638b6f4e500 .event negedge, v0x5638b6f632a0_0;
E_0x5638b6f4ea90 .event posedge, v0x5638b6f63020_0;
L_0x5638b6f63800 .concat [ 16 16 0 0], v0x5638b6f631c0_0, L_0x7f9cb8064018;
L_0x5638b6f739c0 .cmp/eq 32, L_0x5638b6f63800, L_0x7f9cb8064060;
    .scope S_0x5638b6f508a0;
T_0 ;
    %pushi/vec4 0, 0, 16;
    %store/vec4 v0x5638b6f630e0_0, 0, 16;
    %pushi/vec4 0, 0, 16;
    %store/vec4 v0x5638b6f631c0_0, 0, 16;
    %end;
    .thread T_0;
    .scope S_0x5638b6f508a0;
T_1 ;
    %wait E_0x5638b6f4ea90;
    %load/vec4 v0x5638b6f630e0_0;
    %addi 1, 0, 16;
    %assign/vec4 v0x5638b6f630e0_0, 0;
    %jmp T_1;
    .thread T_1;
    .scope S_0x5638b6f508a0;
T_2 ;
    %wait E_0x5638b6f4e500;
    %load/vec4 v0x5638b6f630e0_0;
    %pad/u 32;
    %cmpi/e 5, 0, 32;
    %jmp/0xz  T_2.0, 4;
    %load/vec4 v0x5638b6f631c0_0;
    %addi 1, 0, 16;
    %assign/vec4 v0x5638b6f631c0_0, 0;
T_2.0 ;
    %jmp T_2;
    .thread T_2;
    .scope S_0x5638b6f50720;
T_3 ;
    %pushi/vec4 0, 0, 1;
    %store/vec4 v0x5638b6f63400_0, 0, 1;
    %pushi/vec4 0, 0, 1;
    %store/vec4 v0x5638b6f63590_0, 0, 1;
    %pushi/vec4 0, 0, 1;
    %store/vec4 v0x5638b6f63690_0, 0, 1;
    %pushi/vec4 0, 0, 1;
    %store/vec4 v0x5638b6f63760_0, 0, 1;
    %end;
    .thread T_3;
    .scope S_0x5638b6f50720;
T_4 ;
    %delay 10, 0;
    %load/vec4 v0x5638b6f63690_0;
    %inv;
    %store/vec4 v0x5638b6f63690_0, 0, 1;
    %jmp T_4;
    .thread T_4;
    .scope S_0x5638b6f50720;
T_5 ;
    %delay 1, 0;
    %load/vec4 v0x5638b6f63760_0;
    %inv;
    %store/vec4 v0x5638b6f63760_0, 0, 1;
    %jmp T_5;
    .thread T_5;
    .scope S_0x5638b6f50720;
T_6 ;
    %vpi_call 2 16 "$dumpvars" {0 0 0};
    %delay 500, 0;
    %vpi_call 2 20 "$finish" {0 0 0};
    %end;
    .thread T_6;
# The file index is used to find the file name in the following table.
:file_names 4;
    "N/A";
    "<interactive>";
    "testbench.v";
    "cadeado.v";
