#! /usr/bin/vvp
:ivl_version "10.3 (stable)";
:ivl_delay_selection "TYPICAL";
:vpi_time_precision + 0;
:vpi_module "system";
:vpi_module "vhdl_sys";
:vpi_module "v2005_math";
:vpi_module "va_math";
S_0x558698b87900 .scope module, "testbench" "testbench" 2 1;
 .timescale 0 0;
v0x558698b9bd70_0 .var "a", 0 0;
v0x558698b9be30_0 .net "aberto", 0 0, L_0x558698bac790;  1 drivers
v0x558698b9bf00_0 .var "b", 0 0;
v0x558698b9c000_0 .var "c", 0 0;
v0x558698b9c0d0_0 .var "d", 0 0;
S_0x558698b87a80 .scope module, "cad1" "cadeado" 2 5, 3 1 0, S_0x558698b87900;
 .timescale 0 0;
    .port_info 0 /OUTPUT 1 "aberto"
    .port_info 1 /INPUT 1 "a"
    .port_info 2 /INPUT 1 "b"
    .port_info 3 /INPUT 1 "c"
    .port_info 4 /INPUT 1 "d"
L_0x558698bac790 .functor AND 1, L_0x558698bac330, L_0x558698bac5f0, C4<1>, C4<1>;
v0x558698b500d0_0 .net *"_s0", 31 0, L_0x558698b9c170;  1 drivers
L_0x7faccbc3e0a8 .functor BUFT 1, C4<0000000000000000>, C4<0>, C4<0>, C4<0>;
v0x558698b9b110_0 .net *"_s11", 15 0, L_0x7faccbc3e0a8;  1 drivers
L_0x7faccbc3e0f0 .functor BUFT 1, C4<00000000000000000000000000000101>, C4<0>, C4<0>, C4<0>;
v0x558698b9b1f0_0 .net/2u *"_s12", 31 0, L_0x7faccbc3e0f0;  1 drivers
v0x558698b9b2e0_0 .net *"_s14", 0 0, L_0x558698bac5f0;  1 drivers
L_0x7faccbc3e018 .functor BUFT 1, C4<0000000000000000>, C4<0>, C4<0>, C4<0>;
v0x558698b9b3a0_0 .net *"_s3", 15 0, L_0x7faccbc3e018;  1 drivers
L_0x7faccbc3e060 .functor BUFT 1, C4<00000000000000000000000000001010>, C4<0>, C4<0>, C4<0>;
v0x558698b9b4d0_0 .net/2u *"_s4", 31 0, L_0x7faccbc3e060;  1 drivers
v0x558698b9b5b0_0 .net *"_s6", 0 0, L_0x558698bac330;  1 drivers
v0x558698b9b670_0 .net *"_s8", 31 0, L_0x558698bac4a0;  1 drivers
v0x558698b9b750_0 .net "a", 0 0, v0x558698b9bd70_0;  1 drivers
v0x558698b9b810_0 .net "aberto", 0 0, L_0x558698bac790;  alias, 1 drivers
v0x558698b9b8d0_0 .net "b", 0 0, v0x558698b9bf00_0;  1 drivers
v0x558698b9b990_0 .net "c", 0 0, v0x558698b9c000_0;  1 drivers
v0x558698b9ba50_0 .var "conta_c", 15 0;
v0x558698b9bb30_0 .var "conta_d", 15 0;
v0x558698b9bc10_0 .net "d", 0 0, v0x558698b9c0d0_0;  1 drivers
E_0x558698b85500 .event negedge, v0x558698b9bc10_0;
E_0x558698b85a90 .event posedge, v0x558698b9b990_0;
L_0x558698b9c170 .concat [ 16 16 0 0], v0x558698b9ba50_0, L_0x7faccbc3e018;
L_0x558698bac330 .cmp/eq 32, L_0x558698b9c170, L_0x7faccbc3e060;
L_0x558698bac4a0 .concat [ 16 16 0 0], v0x558698b9bb30_0, L_0x7faccbc3e0a8;
L_0x558698bac5f0 .cmp/eq 32, L_0x558698bac4a0, L_0x7faccbc3e0f0;
    .scope S_0x558698b87a80;
T_0 ;
    %pushi/vec4 0, 0, 16;
    %store/vec4 v0x558698b9ba50_0, 0, 16;
    %pushi/vec4 0, 0, 16;
    %store/vec4 v0x558698b9bb30_0, 0, 16;
    %end;
    .thread T_0;
    .scope S_0x558698b87a80;
T_1 ;
    %wait E_0x558698b85a90;
    %load/vec4 v0x558698b9ba50_0;
    %addi 1, 0, 16;
    %assign/vec4 v0x558698b9ba50_0, 0;
    %jmp T_1;
    .thread T_1;
    .scope S_0x558698b87a80;
T_2 ;
    %wait E_0x558698b85500;
    %load/vec4 v0x558698b9ba50_0;
    %pad/u 32;
    %cmpi/e 5, 0, 32;
    %jmp/0xz  T_2.0, 4;
    %load/vec4 v0x558698b9bb30_0;
    %addi 1, 0, 16;
    %assign/vec4 v0x558698b9bb30_0, 0;
T_2.0 ;
    %jmp T_2;
    .thread T_2;
    .scope S_0x558698b87900;
T_3 ;
    %pushi/vec4 0, 0, 1;
    %store/vec4 v0x558698b9bd70_0, 0, 1;
    %pushi/vec4 0, 0, 1;
    %store/vec4 v0x558698b9bf00_0, 0, 1;
    %pushi/vec4 0, 0, 1;
    %store/vec4 v0x558698b9c000_0, 0, 1;
    %pushi/vec4 0, 0, 1;
    %store/vec4 v0x558698b9c0d0_0, 0, 1;
    %end;
    .thread T_3;
    .scope S_0x558698b87900;
T_4 ;
    %delay 5, 0;
    %load/vec4 v0x558698b9c000_0;
    %inv;
    %store/vec4 v0x558698b9c000_0, 0, 1;
    %jmp T_4;
    .thread T_4;
    .scope S_0x558698b87900;
T_5 ;
    %delay 1, 0;
    %load/vec4 v0x558698b9c0d0_0;
    %inv;
    %store/vec4 v0x558698b9c0d0_0, 0, 1;
    %jmp T_5;
    .thread T_5;
    .scope S_0x558698b87900;
T_6 ;
    %vpi_call 2 16 "$dumpvars" {0 0 0};
    %delay 500, 0;
    %vpi_call 2 20 "$finish" {0 0 0};
    %end;
    .thread T_6;
# The file index is used to find the file name in the following table.
:file_names 4;
    "N/A";
    "<interactive>";
    "testbench.v";
    "cadeado.v";
