#! /usr/bin/vvp
:ivl_version "10.3 (stable)";
:ivl_delay_selection "TYPICAL";
:vpi_time_precision + 0;
:vpi_module "system";
:vpi_module "vhdl_sys";
:vpi_module "v2005_math";
:vpi_module "va_math";
S_0x55c6570c1de0 .scope module, "testbench" "testbench" 2 3;
 .timescale 0 0;
v0x55c6570f9970_0 .var/s "a", 15 0;
v0x55c6570f9a50_0 .var/s "b", 15 0;
v0x55c6570f9b10_0 .var/s "c", 15 0;
v0x55c6570f9bb0_0 .var "clock", 0 0;
v0x55c6570f9c50_0 .var "counter", 31 0;
v0x55c6570f9d30_0 .var "enable", 0 0;
v0x55c6570f9e20_0 .var/s "expected", 15 0;
v0x55c6570f9f00_0 .var/i "file", 31 0;
v0x55c6570f9fe0_0 .var/i "r", 31 0;
v0x55c6570fa150_0 .net "ready", 0 0, L_0x55c65711b450;  1 drivers
v0x55c6570fa1f0_0 .var "reset", 0 0;
v0x55c6570fa2e0_0 .var/i "test", 31 0;
v0x55c6570fa3c0_0 .net "valid", 0 0, L_0x55c657116870;  1 drivers
v0x55c6570fa4b0_0 .var/s "x", 7 0;
v0x55c6570fa5c0_0 .net/s "y", 15 0, L_0x55c65710b700;  1 drivers
E_0x55c6570690a0 .event posedge, v0x55c6570f1690_0;
E_0x55c65706aa00 .event posedge, v0x55c6570f1750_0;
S_0x55c6570c0f70 .scope module, "solve1" "solve" 2 19, 3 4 0, S_0x55c6570c1de0;
 .timescale 0 0;
    .port_info 0 /INPUT 1 "clock"
    .port_info 1 /INPUT 8 "valor_x"
    .port_info 2 /INPUT 16 "valor_a"
    .port_info 3 /INPUT 16 "valor_b"
    .port_info 4 /INPUT 16 "valor_c"
    .port_info 5 /INPUT 1 "enable"
    .port_info 6 /INPUT 1 "reset"
    .port_info 7 /OUTPUT 16 "result"
    .port_info 8 /OUTPUT 1 "ready"
    .port_info 9 /OUTPUT 1 "valid"
v0x55c6570f8ba0_0 .net "H", 0 0, L_0x55c65710f730;  1 drivers
v0x55c6570f8c60_0 .net "LH", 0 0, L_0x55c6571125d0;  1 drivers
v0x55c6570f8d20_0 .net "LS", 0 0, L_0x55c6571116c0;  1 drivers
v0x55c6570f8dc0_0 .net "LX", 0 0, L_0x55c6571100f0;  1 drivers
v0x55c6570f8e60_0 .net "M0", 1 0, L_0x55c65710b860;  1 drivers
v0x55c6570f8f50_0 .net "M1", 1 0, L_0x55c65710ce00;  1 drivers
v0x55c6570f8ff0_0 .net "M2", 1 0, L_0x55c65710e420;  1 drivers
v0x55c6570f90b0_0 .net "clock", 0 0, v0x55c6570f9bb0_0;  1 drivers
v0x55c6570f9150_0 .net "enable", 0 0, v0x55c6570f9d30_0;  1 drivers
v0x55c6570f91f0_0 .net "ready", 0 0, L_0x55c65711b450;  alias, 1 drivers
v0x55c6570f9290_0 .net "reset", 0 0, v0x55c6570fa1f0_0;  1 drivers
v0x55c6570f9330_0 .net/s "result", 15 0, L_0x55c65710b700;  alias, 1 drivers
v0x55c6570f93d0_0 .net "valid", 0 0, L_0x55c657116870;  alias, 1 drivers
v0x55c6570f9470_0 .net/s "valor_a", 15 0, v0x55c6570f9970_0;  1 drivers
v0x55c6570f9510_0 .net/s "valor_b", 15 0, v0x55c6570f9a50_0;  1 drivers
v0x55c6570f95b0_0 .net/s "valor_c", 15 0, v0x55c6570f9b10_0;  1 drivers
v0x55c6570f96a0_0 .net/s "valor_x", 7 0, v0x55c6570fa4b0_0;  1 drivers
S_0x55c6570bd1a0 .scope module, "bc0" "bc" 3 24, 4 1 0, S_0x55c6570c0f70;
 .timescale 0 0;
    .port_info 0 /INPUT 1 "clock"
    .port_info 1 /INPUT 1 "reset"
    .port_info 2 /INPUT 1 "enable"
    .port_info 3 /OUTPUT 1 "LX"
    .port_info 4 /OUTPUT 2 "M0"
    .port_info 5 /OUTPUT 2 "M1"
    .port_info 6 /OUTPUT 2 "M2"
    .port_info 7 /OUTPUT 1 "H"
    .port_info 8 /OUTPUT 1 "LS"
    .port_info 9 /OUTPUT 1 "LH"
    .port_info 10 /OUTPUT 1 "done"
    .port_info 11 /OUTPUT 1 "ready"
v0x55c6570b4990_0 .net "H", 0 0, L_0x55c65710f730;  alias, 1 drivers
v0x55c6570b5110_0 .net "LH", 0 0, L_0x55c6571125d0;  alias, 1 drivers
v0x55c6570e3dd0_0 .net "LS", 0 0, L_0x55c6571116c0;  alias, 1 drivers
v0x55c6570e3e70_0 .net "LX", 0 0, L_0x55c6571100f0;  alias, 1 drivers
v0x55c6570e3f30_0 .net "M0", 1 0, L_0x55c65710b860;  alias, 1 drivers
v0x55c6570e4060_0 .net "M1", 1 0, L_0x55c65710ce00;  alias, 1 drivers
v0x55c6570e4140_0 .net "M2", 1 0, L_0x55c65710e420;  alias, 1 drivers
v0x55c6570e4220_0 .net *"_s0", 31 0, L_0x55c6570fa6d0;  1 drivers
v0x55c6570e4300_0 .net *"_s10", 31 0, L_0x55c65710a930;  1 drivers
v0x55c6570e43e0_0 .net *"_s100", 2 0, L_0x55c65710cc70;  1 drivers
v0x55c6570e44c0_0 .net *"_s104", 31 0, L_0x55c65710cf80;  1 drivers
L_0x7fdc0bcaa768 .functor BUFT 1, C4<0000000000000000000000000000>, C4<0>, C4<0>, C4<0>;
v0x55c6570e45a0_0 .net *"_s107", 27 0, L_0x7fdc0bcaa768;  1 drivers
L_0x7fdc0bcaa7b0 .functor BUFT 1, C4<00000000000000000000000000000010>, C4<0>, C4<0>, C4<0>;
v0x55c6570e4680_0 .net/2u *"_s108", 31 0, L_0x7fdc0bcaa7b0;  1 drivers
v0x55c6570e4760_0 .net *"_s110", 0 0, L_0x55c65710d070;  1 drivers
L_0x7fdc0bcaa7f8 .functor BUFT 1, C4<000>, C4<0>, C4<0>, C4<0>;
v0x55c6570e4820_0 .net/2s *"_s112", 2 0, L_0x7fdc0bcaa7f8;  1 drivers
v0x55c6570e4900_0 .net *"_s114", 31 0, L_0x55c65710d2a0;  1 drivers
L_0x7fdc0bcaa840 .functor BUFT 1, C4<0000000000000000000000000000>, C4<0>, C4<0>, C4<0>;
v0x55c6570e49e0_0 .net *"_s117", 27 0, L_0x7fdc0bcaa840;  1 drivers
L_0x7fdc0bcaa888 .functor BUFT 1, C4<00000000000000000000000000000011>, C4<0>, C4<0>, C4<0>;
v0x55c6570e4ac0_0 .net/2u *"_s118", 31 0, L_0x7fdc0bcaa888;  1 drivers
v0x55c6570e4ba0_0 .net *"_s120", 0 0, L_0x55c65710d390;  1 drivers
L_0x7fdc0bcaa8d0 .functor BUFT 1, C4<010>, C4<0>, C4<0>, C4<0>;
v0x55c6570e4c60_0 .net/2s *"_s122", 2 0, L_0x7fdc0bcaa8d0;  1 drivers
v0x55c6570e4d40_0 .net *"_s124", 31 0, L_0x55c65710d5d0;  1 drivers
L_0x7fdc0bcaa918 .functor BUFT 1, C4<0000000000000000000000000000>, C4<0>, C4<0>, C4<0>;
v0x55c6570e4e20_0 .net *"_s127", 27 0, L_0x7fdc0bcaa918;  1 drivers
L_0x7fdc0bcaa960 .functor BUFT 1, C4<00000000000000000000000000000101>, C4<0>, C4<0>, C4<0>;
v0x55c6570e4f00_0 .net/2u *"_s128", 31 0, L_0x7fdc0bcaa960;  1 drivers
L_0x7fdc0bcaa0f0 .functor BUFT 1, C4<0000000000000000000000000000>, C4<0>, C4<0>, C4<0>;
v0x55c6570e4fe0_0 .net *"_s13", 27 0, L_0x7fdc0bcaa0f0;  1 drivers
v0x55c6570e50c0_0 .net *"_s130", 0 0, L_0x55c65710d6c0;  1 drivers
L_0x7fdc0bcaa9a8 .functor BUFT 1, C4<011>, C4<0>, C4<0>, C4<0>;
v0x55c6570e5180_0 .net/2s *"_s132", 2 0, L_0x7fdc0bcaa9a8;  1 drivers
v0x55c6570e5260_0 .net *"_s134", 31 0, L_0x55c65710d910;  1 drivers
L_0x7fdc0bcaa9f0 .functor BUFT 1, C4<0000000000000000000000000000>, C4<0>, C4<0>, C4<0>;
v0x55c6570e5340_0 .net *"_s137", 27 0, L_0x7fdc0bcaa9f0;  1 drivers
L_0x7fdc0bcaaa38 .functor BUFT 1, C4<00000000000000000000000000000110>, C4<0>, C4<0>, C4<0>;
v0x55c6570e5420_0 .net/2u *"_s138", 31 0, L_0x7fdc0bcaaa38;  1 drivers
L_0x7fdc0bcaa138 .functor BUFT 1, C4<00000000000000000000000000000011>, C4<0>, C4<0>, C4<0>;
v0x55c6570e5500_0 .net/2u *"_s14", 31 0, L_0x7fdc0bcaa138;  1 drivers
v0x55c6570e55e0_0 .net *"_s140", 0 0, L_0x55c65710da00;  1 drivers
L_0x7fdc0bcaaa80 .functor BUFT 1, C4<011>, C4<0>, C4<0>, C4<0>;
v0x55c6570e56a0_0 .net/2s *"_s142", 2 0, L_0x7fdc0bcaaa80;  1 drivers
L_0x7fdc0bcaaac8 .functor BUFT 1, C4<000>, C4<0>, C4<0>, C4<0>;
v0x55c6570e5780_0 .net/2s *"_s144", 2 0, L_0x7fdc0bcaaac8;  1 drivers
v0x55c6570e5a70_0 .net *"_s146", 2 0, L_0x55c65710dc60;  1 drivers
v0x55c6570e5b50_0 .net *"_s148", 2 0, L_0x55c65710ddf0;  1 drivers
v0x55c6570e5c30_0 .net *"_s150", 2 0, L_0x55c65710dfc0;  1 drivers
v0x55c6570e5d10_0 .net *"_s152", 2 0, L_0x55c65710e150;  1 drivers
v0x55c6570e5df0_0 .net *"_s156", 31 0, L_0x55c65710e4c0;  1 drivers
L_0x7fdc0bcaab10 .functor BUFT 1, C4<0000000000000000000000000000>, C4<0>, C4<0>, C4<0>;
v0x55c6570e5ed0_0 .net *"_s159", 27 0, L_0x7fdc0bcaab10;  1 drivers
v0x55c6570e5fb0_0 .net *"_s16", 0 0, L_0x55c65710aac0;  1 drivers
L_0x7fdc0bcaab58 .functor BUFT 1, C4<00000000000000000000000000000010>, C4<0>, C4<0>, C4<0>;
v0x55c6570e6070_0 .net/2u *"_s160", 31 0, L_0x7fdc0bcaab58;  1 drivers
v0x55c6570e6150_0 .net *"_s162", 0 0, L_0x55c65710e700;  1 drivers
L_0x7fdc0bcaaba0 .functor BUFT 1, C4<01>, C4<0>, C4<0>, C4<0>;
v0x55c6570e6210_0 .net/2s *"_s164", 1 0, L_0x7fdc0bcaaba0;  1 drivers
v0x55c6570e62f0_0 .net *"_s166", 31 0, L_0x55c65710e840;  1 drivers
L_0x7fdc0bcaabe8 .functor BUFT 1, C4<0000000000000000000000000000>, C4<0>, C4<0>, C4<0>;
v0x55c6570e63d0_0 .net *"_s169", 27 0, L_0x7fdc0bcaabe8;  1 drivers
L_0x7fdc0bcaac30 .functor BUFT 1, C4<00000000000000000000000000000011>, C4<0>, C4<0>, C4<0>;
v0x55c6570e64b0_0 .net/2u *"_s170", 31 0, L_0x7fdc0bcaac30;  1 drivers
v0x55c6570e6590_0 .net *"_s172", 0 0, L_0x55c65710ea90;  1 drivers
L_0x7fdc0bcaac78 .functor BUFT 1, C4<01>, C4<0>, C4<0>, C4<0>;
v0x55c6570e6650_0 .net/2s *"_s174", 1 0, L_0x7fdc0bcaac78;  1 drivers
v0x55c6570e6730_0 .net *"_s176", 31 0, L_0x55c65710ebd0;  1 drivers
L_0x7fdc0bcaacc0 .functor BUFT 1, C4<0000000000000000000000000000>, C4<0>, C4<0>, C4<0>;
v0x55c6570e6810_0 .net *"_s179", 27 0, L_0x7fdc0bcaacc0;  1 drivers
L_0x7fdc0bcaa180 .functor BUFT 1, C4<001>, C4<0>, C4<0>, C4<0>;
v0x55c6570e68f0_0 .net/2s *"_s18", 2 0, L_0x7fdc0bcaa180;  1 drivers
L_0x7fdc0bcaad08 .functor BUFT 1, C4<00000000000000000000000000000100>, C4<0>, C4<0>, C4<0>;
v0x55c6570e69d0_0 .net/2u *"_s180", 31 0, L_0x7fdc0bcaad08;  1 drivers
v0x55c6570e6ab0_0 .net *"_s182", 0 0, L_0x55c65710ee30;  1 drivers
L_0x7fdc0bcaad50 .functor BUFT 1, C4<01>, C4<0>, C4<0>, C4<0>;
v0x55c6570e6b70_0 .net/2s *"_s184", 1 0, L_0x7fdc0bcaad50;  1 drivers
L_0x7fdc0bcaad98 .functor BUFT 1, C4<00>, C4<0>, C4<0>, C4<0>;
v0x55c6570e6c50_0 .net/2s *"_s186", 1 0, L_0x7fdc0bcaad98;  1 drivers
v0x55c6570e6d30_0 .net *"_s188", 1 0, L_0x55c65710ef70;  1 drivers
v0x55c6570e6e10_0 .net *"_s190", 1 0, L_0x55c65710f280;  1 drivers
v0x55c6570e6ef0_0 .net *"_s192", 1 0, L_0x55c65710f410;  1 drivers
v0x55c6570e6fd0_0 .net *"_s196", 31 0, L_0x55c65710f7d0;  1 drivers
L_0x7fdc0bcaade0 .functor BUFT 1, C4<0000000000000000000000000000>, C4<0>, C4<0>, C4<0>;
v0x55c6570e70b0_0 .net *"_s199", 27 0, L_0x7fdc0bcaade0;  1 drivers
v0x55c6570e7190_0 .net *"_s20", 31 0, L_0x55c65710ac00;  1 drivers
L_0x7fdc0bcaae28 .functor BUFT 1, C4<00000000000000000000000000000001>, C4<0>, C4<0>, C4<0>;
v0x55c6570e7270_0 .net/2u *"_s200", 31 0, L_0x7fdc0bcaae28;  1 drivers
v0x55c6570e7350_0 .net *"_s202", 0 0, L_0x55c65710fc70;  1 drivers
L_0x7fdc0bcaae70 .functor BUFT 1, C4<01>, C4<0>, C4<0>, C4<0>;
v0x55c6570e7410_0 .net/2s *"_s204", 1 0, L_0x7fdc0bcaae70;  1 drivers
L_0x7fdc0bcaaeb8 .functor BUFT 1, C4<00>, C4<0>, C4<0>, C4<0>;
v0x55c6570e74f0_0 .net/2s *"_s206", 1 0, L_0x7fdc0bcaaeb8;  1 drivers
v0x55c6570e79e0_0 .net *"_s208", 1 0, L_0x55c65710fdb0;  1 drivers
v0x55c6570e7ac0_0 .net *"_s212", 31 0, L_0x55c657110220;  1 drivers
L_0x7fdc0bcaaf00 .functor BUFT 1, C4<0000000000000000000000000000>, C4<0>, C4<0>, C4<0>;
v0x55c6570e7ba0_0 .net *"_s215", 27 0, L_0x7fdc0bcaaf00;  1 drivers
L_0x7fdc0bcaaf48 .functor BUFT 1, C4<00000000000000000000000000000010>, C4<0>, C4<0>, C4<0>;
v0x55c6570e7c80_0 .net/2u *"_s216", 31 0, L_0x7fdc0bcaaf48;  1 drivers
v0x55c6570e7d60_0 .net *"_s218", 0 0, L_0x55c6571104d0;  1 drivers
L_0x7fdc0bcaaf90 .functor BUFT 1, C4<01>, C4<0>, C4<0>, C4<0>;
v0x55c6570e7e20_0 .net/2s *"_s220", 1 0, L_0x7fdc0bcaaf90;  1 drivers
v0x55c6570e7f00_0 .net *"_s222", 31 0, L_0x55c657110610;  1 drivers
L_0x7fdc0bcaafd8 .functor BUFT 1, C4<0000000000000000000000000000>, C4<0>, C4<0>, C4<0>;
v0x55c6570e7fe0_0 .net *"_s225", 27 0, L_0x7fdc0bcaafd8;  1 drivers
L_0x7fdc0bcab020 .functor BUFT 1, C4<00000000000000000000000000000100>, C4<0>, C4<0>, C4<0>;
v0x55c6570e80c0_0 .net/2u *"_s226", 31 0, L_0x7fdc0bcab020;  1 drivers
v0x55c6570e81a0_0 .net *"_s228", 0 0, L_0x55c6571108d0;  1 drivers
L_0x7fdc0bcaa1c8 .functor BUFT 1, C4<0000000000000000000000000000>, C4<0>, C4<0>, C4<0>;
v0x55c6570e8260_0 .net *"_s23", 27 0, L_0x7fdc0bcaa1c8;  1 drivers
L_0x7fdc0bcab068 .functor BUFT 1, C4<01>, C4<0>, C4<0>, C4<0>;
v0x55c6570e8340_0 .net/2s *"_s230", 1 0, L_0x7fdc0bcab068;  1 drivers
v0x55c6570e8420_0 .net *"_s232", 31 0, L_0x55c657110a10;  1 drivers
L_0x7fdc0bcab0b0 .functor BUFT 1, C4<0000000000000000000000000000>, C4<0>, C4<0>, C4<0>;
v0x55c6570e8500_0 .net *"_s235", 27 0, L_0x7fdc0bcab0b0;  1 drivers
L_0x7fdc0bcab0f8 .functor BUFT 1, C4<00000000000000000000000000000110>, C4<0>, C4<0>, C4<0>;
v0x55c6570e85e0_0 .net/2u *"_s236", 31 0, L_0x7fdc0bcab0f8;  1 drivers
v0x55c6570e86c0_0 .net *"_s238", 0 0, L_0x55c657110ce0;  1 drivers
L_0x7fdc0bcaa210 .functor BUFT 1, C4<00000000000000000000000000000100>, C4<0>, C4<0>, C4<0>;
v0x55c6570e8780_0 .net/2u *"_s24", 31 0, L_0x7fdc0bcaa210;  1 drivers
L_0x7fdc0bcab140 .functor BUFT 1, C4<01>, C4<0>, C4<0>, C4<0>;
v0x55c6570e8860_0 .net/2s *"_s240", 1 0, L_0x7fdc0bcab140;  1 drivers
L_0x7fdc0bcab188 .functor BUFT 1, C4<00>, C4<0>, C4<0>, C4<0>;
v0x55c6570e8940_0 .net/2s *"_s242", 1 0, L_0x7fdc0bcab188;  1 drivers
v0x55c6570e8a20_0 .net *"_s244", 1 0, L_0x55c657110e20;  1 drivers
v0x55c6570e8b00_0 .net *"_s246", 1 0, L_0x55c6571111a0;  1 drivers
v0x55c6570e8be0_0 .net *"_s248", 1 0, L_0x55c657111330;  1 drivers
v0x55c6570e8cc0_0 .net *"_s252", 31 0, L_0x55c6571117f0;  1 drivers
L_0x7fdc0bcab1d0 .functor BUFT 1, C4<0000000000000000000000000000>, C4<0>, C4<0>, C4<0>;
v0x55c6570e8da0_0 .net *"_s255", 27 0, L_0x7fdc0bcab1d0;  1 drivers
L_0x7fdc0bcab218 .functor BUFT 1, C4<00000000000000000000000000000011>, C4<0>, C4<0>, C4<0>;
v0x55c6570e8e80_0 .net/2u *"_s256", 31 0, L_0x7fdc0bcab218;  1 drivers
v0x55c6570e8f60_0 .net *"_s258", 0 0, L_0x55c657111af0;  1 drivers
v0x55c6570e9020_0 .net *"_s26", 0 0, L_0x55c65710acf0;  1 drivers
L_0x7fdc0bcab260 .functor BUFT 1, C4<01>, C4<0>, C4<0>, C4<0>;
v0x55c6570e90e0_0 .net/2s *"_s260", 1 0, L_0x7fdc0bcab260;  1 drivers
v0x55c6570e91c0_0 .net *"_s262", 31 0, L_0x55c657111c30;  1 drivers
L_0x7fdc0bcab2a8 .functor BUFT 1, C4<0000000000000000000000000000>, C4<0>, C4<0>, C4<0>;
v0x55c6570e92a0_0 .net *"_s265", 27 0, L_0x7fdc0bcab2a8;  1 drivers
L_0x7fdc0bcab2f0 .functor BUFT 1, C4<00000000000000000000000000000101>, C4<0>, C4<0>, C4<0>;
v0x55c6570e9380_0 .net/2u *"_s266", 31 0, L_0x7fdc0bcab2f0;  1 drivers
v0x55c6570e9460_0 .net *"_s268", 0 0, L_0x55c657111f40;  1 drivers
L_0x7fdc0bcab338 .functor BUFT 1, C4<01>, C4<0>, C4<0>, C4<0>;
v0x55c6570e9520_0 .net/2s *"_s270", 1 0, L_0x7fdc0bcab338;  1 drivers
L_0x7fdc0bcab380 .functor BUFT 1, C4<00>, C4<0>, C4<0>, C4<0>;
v0x55c6570e9600_0 .net/2s *"_s272", 1 0, L_0x7fdc0bcab380;  1 drivers
v0x55c6570e96e0_0 .net *"_s274", 1 0, L_0x55c657112080;  1 drivers
v0x55c6570e97c0_0 .net *"_s276", 1 0, L_0x55c657112440;  1 drivers
L_0x7fdc0bcaa258 .functor BUFT 1, C4<010>, C4<0>, C4<0>, C4<0>;
v0x55c6570e98a0_0 .net/2s *"_s28", 2 0, L_0x7fdc0bcaa258;  1 drivers
v0x55c6570e9980_0 .net *"_s280", 31 0, L_0x55c657112940;  1 drivers
L_0x7fdc0bcab3c8 .functor BUFT 1, C4<0000000000000000000000000000>, C4<0>, C4<0>, C4<0>;
v0x55c6570e9a60_0 .net *"_s283", 27 0, L_0x7fdc0bcab3c8;  1 drivers
L_0x7fdc0bcab410 .functor BUFT 1, C4<00000000000000000000000000000000>, C4<0>, C4<0>, C4<0>;
v0x55c6570e9b40_0 .net/2u *"_s284", 31 0, L_0x7fdc0bcab410;  1 drivers
v0x55c6570e9c20_0 .net *"_s286", 0 0, L_0x55c657112a30;  1 drivers
L_0x7fdc0bcab458 .functor BUFT 1, C4<00>, C4<0>, C4<0>, C4<0>;
v0x55c6570e9ce0_0 .net/2s *"_s288", 1 0, L_0x7fdc0bcab458;  1 drivers
v0x55c6570e9dc0_0 .net *"_s290", 31 0, L_0x55c657112dc0;  1 drivers
L_0x7fdc0bcab4a0 .functor BUFT 1, C4<0000000000000000000000000000>, C4<0>, C4<0>, C4<0>;
v0x55c6570e9ea0_0 .net *"_s293", 27 0, L_0x7fdc0bcab4a0;  1 drivers
L_0x7fdc0bcab4e8 .functor BUFT 1, C4<00000000000000000000000000000001>, C4<0>, C4<0>, C4<0>;
v0x55c6570e9f80_0 .net/2u *"_s294", 31 0, L_0x7fdc0bcab4e8;  1 drivers
v0x55c6570ea060_0 .net *"_s296", 0 0, L_0x55c657112eb0;  1 drivers
L_0x7fdc0bcab530 .functor BUFT 1, C4<00>, C4<0>, C4<0>, C4<0>;
v0x55c6570ea120_0 .net/2s *"_s298", 1 0, L_0x7fdc0bcab530;  1 drivers
L_0x7fdc0bcaa018 .functor BUFT 1, C4<0000000000000000000000000000>, C4<0>, C4<0>, C4<0>;
v0x55c6570ea200_0 .net *"_s3", 27 0, L_0x7fdc0bcaa018;  1 drivers
v0x55c6570ea2e0_0 .net *"_s30", 31 0, L_0x55c65710af00;  1 drivers
v0x55c6570ea3c0_0 .net *"_s300", 31 0, L_0x55c657113250;  1 drivers
L_0x7fdc0bcab578 .functor BUFT 1, C4<0000000000000000000000000000>, C4<0>, C4<0>, C4<0>;
v0x55c6570ea4a0_0 .net *"_s303", 27 0, L_0x7fdc0bcab578;  1 drivers
L_0x7fdc0bcab5c0 .functor BUFT 1, C4<00000000000000000000000000000010>, C4<0>, C4<0>, C4<0>;
v0x55c6570ea580_0 .net/2u *"_s304", 31 0, L_0x7fdc0bcab5c0;  1 drivers
v0x55c6570ea660_0 .net *"_s306", 0 0, L_0x55c657113340;  1 drivers
L_0x7fdc0bcab608 .functor BUFT 1, C4<00>, C4<0>, C4<0>, C4<0>;
v0x55c6570ea720_0 .net/2s *"_s308", 1 0, L_0x7fdc0bcab608;  1 drivers
v0x55c6570ea800_0 .net *"_s310", 31 0, L_0x55c6571136f0;  1 drivers
L_0x7fdc0bcab650 .functor BUFT 1, C4<0000000000000000000000000000>, C4<0>, C4<0>, C4<0>;
v0x55c6570ea8e0_0 .net *"_s313", 27 0, L_0x7fdc0bcab650;  1 drivers
L_0x7fdc0bcab698 .functor BUFT 1, C4<00000000000000000000000000000011>, C4<0>, C4<0>, C4<0>;
v0x55c6570ea9c0_0 .net/2u *"_s314", 31 0, L_0x7fdc0bcab698;  1 drivers
v0x55c6570eaaa0_0 .net *"_s316", 0 0, L_0x55c6571137e0;  1 drivers
L_0x7fdc0bcab6e0 .functor BUFT 1, C4<00>, C4<0>, C4<0>, C4<0>;
v0x55c6570eab60_0 .net/2s *"_s318", 1 0, L_0x7fdc0bcab6e0;  1 drivers
v0x55c6570eac40_0 .net *"_s320", 31 0, L_0x55c657113ba0;  1 drivers
L_0x7fdc0bcab728 .functor BUFT 1, C4<0000000000000000000000000000>, C4<0>, C4<0>, C4<0>;
v0x55c6570ead20_0 .net *"_s323", 27 0, L_0x7fdc0bcab728;  1 drivers
L_0x7fdc0bcab770 .functor BUFT 1, C4<00000000000000000000000000000100>, C4<0>, C4<0>, C4<0>;
v0x55c6570eae00_0 .net/2u *"_s324", 31 0, L_0x7fdc0bcab770;  1 drivers
v0x55c6570eaee0_0 .net *"_s326", 0 0, L_0x55c657113c90;  1 drivers
L_0x7fdc0bcab7b8 .functor BUFT 1, C4<00>, C4<0>, C4<0>, C4<0>;
v0x55c6570eafa0_0 .net/2s *"_s328", 1 0, L_0x7fdc0bcab7b8;  1 drivers
L_0x7fdc0bcaa2a0 .functor BUFT 1, C4<0000000000000000000000000000>, C4<0>, C4<0>, C4<0>;
v0x55c6570eb890_0 .net *"_s33", 27 0, L_0x7fdc0bcaa2a0;  1 drivers
v0x55c6570eb970_0 .net *"_s330", 31 0, L_0x55c657114060;  1 drivers
L_0x7fdc0bcab800 .functor BUFT 1, C4<0000000000000000000000000000>, C4<0>, C4<0>, C4<0>;
v0x55c6570eba50_0 .net *"_s333", 27 0, L_0x7fdc0bcab800;  1 drivers
L_0x7fdc0bcab848 .functor BUFT 1, C4<00000000000000000000000000000101>, C4<0>, C4<0>, C4<0>;
v0x55c6570ebb30_0 .net/2u *"_s334", 31 0, L_0x7fdc0bcab848;  1 drivers
v0x55c6570ebc10_0 .net *"_s336", 0 0, L_0x55c657114180;  1 drivers
L_0x7fdc0bcab890 .functor BUFT 1, C4<00>, C4<0>, C4<0>, C4<0>;
v0x55c6570ebcd0_0 .net/2s *"_s338", 1 0, L_0x7fdc0bcab890;  1 drivers
L_0x7fdc0bcaa2e8 .functor BUFT 1, C4<00000000000000000000000000000110>, C4<0>, C4<0>, C4<0>;
v0x55c6570ebdb0_0 .net/2u *"_s34", 31 0, L_0x7fdc0bcaa2e8;  1 drivers
v0x55c6570ebe90_0 .net *"_s340", 31 0, L_0x55c657114590;  1 drivers
L_0x7fdc0bcab8d8 .functor BUFT 1, C4<0000000000000000000000000000>, C4<0>, C4<0>, C4<0>;
v0x55c6570ebf70_0 .net *"_s343", 27 0, L_0x7fdc0bcab8d8;  1 drivers
L_0x7fdc0bcab920 .functor BUFT 1, C4<00000000000000000000000000000110>, C4<0>, C4<0>, C4<0>;
v0x55c6570ec050_0 .net/2u *"_s344", 31 0, L_0x7fdc0bcab920;  1 drivers
v0x55c6570ec130_0 .net *"_s346", 0 0, L_0x55c6571146b0;  1 drivers
L_0x7fdc0bcab968 .functor BUFT 1, C4<00>, C4<0>, C4<0>, C4<0>;
v0x55c6570ec1f0_0 .net/2s *"_s348", 1 0, L_0x7fdc0bcab968;  1 drivers
v0x55c6570ec2d0_0 .net *"_s350", 31 0, L_0x55c657114ad0;  1 drivers
L_0x7fdc0bcab9b0 .functor BUFT 1, C4<0000000000000000000000000000>, C4<0>, C4<0>, C4<0>;
v0x55c6570ec3b0_0 .net *"_s353", 27 0, L_0x7fdc0bcab9b0;  1 drivers
L_0x7fdc0bcab9f8 .functor BUFT 1, C4<00000000000000000000000000000111>, C4<0>, C4<0>, C4<0>;
v0x55c6570ec490_0 .net/2u *"_s354", 31 0, L_0x7fdc0bcab9f8;  1 drivers
v0x55c6570ec570_0 .net *"_s356", 0 0, L_0x55c657114bf0;  1 drivers
L_0x7fdc0bcaba40 .functor BUFT 1, C4<01>, C4<0>, C4<0>, C4<0>;
v0x55c6570ec630_0 .net/2s *"_s358", 1 0, L_0x7fdc0bcaba40;  1 drivers
v0x55c6570ec710_0 .net *"_s36", 0 0, L_0x55c65710b030;  1 drivers
L_0x7fdc0bcaba88 .functor BUFT 1, C4<00>, C4<0>, C4<0>, C4<0>;
v0x55c6570ec7d0_0 .net/2s *"_s360", 1 0, L_0x7fdc0bcaba88;  1 drivers
v0x55c6570ec8b0_0 .net *"_s362", 1 0, L_0x55c657115020;  1 drivers
v0x55c6570ec990_0 .net *"_s364", 1 0, L_0x55c6571151e0;  1 drivers
v0x55c6570eca70_0 .net *"_s366", 1 0, L_0x55c657115640;  1 drivers
v0x55c6570ecb50_0 .net *"_s368", 1 0, L_0x55c6571157d0;  1 drivers
v0x55c6570ecc30_0 .net *"_s370", 1 0, L_0x55c657115c40;  1 drivers
v0x55c6570ecd10_0 .net *"_s372", 1 0, L_0x55c657115dd0;  1 drivers
v0x55c6570ecdf0_0 .net *"_s374", 1 0, L_0x55c657116250;  1 drivers
v0x55c6570eced0_0 .net *"_s376", 1 0, L_0x55c6571163e0;  1 drivers
L_0x7fdc0bcaa330 .functor BUFT 1, C4<011>, C4<0>, C4<0>, C4<0>;
v0x55c6570ecfb0_0 .net/2s *"_s38", 2 0, L_0x7fdc0bcaa330;  1 drivers
v0x55c6570ed090_0 .net *"_s380", 31 0, L_0x55c657116960;  1 drivers
L_0x7fdc0bcabad0 .functor BUFT 1, C4<0000000000000000000000000000>, C4<0>, C4<0>, C4<0>;
v0x55c6570ed170_0 .net *"_s383", 27 0, L_0x7fdc0bcabad0;  1 drivers
L_0x7fdc0bcabb18 .functor BUFT 1, C4<00000000000000000000000000000000>, C4<0>, C4<0>, C4<0>;
v0x55c6570ed250_0 .net/2u *"_s384", 31 0, L_0x7fdc0bcabb18;  1 drivers
v0x55c6570ed330_0 .net *"_s386", 0 0, L_0x55c657116d60;  1 drivers
L_0x7fdc0bcabb60 .functor BUFT 1, C4<01>, C4<0>, C4<0>, C4<0>;
v0x55c6570ed3f0_0 .net/2s *"_s388", 1 0, L_0x7fdc0bcabb60;  1 drivers
v0x55c6570ed4d0_0 .net *"_s390", 31 0, L_0x55c657116ea0;  1 drivers
L_0x7fdc0bcabba8 .functor BUFT 1, C4<0000000000000000000000000000>, C4<0>, C4<0>, C4<0>;
v0x55c6570ed5b0_0 .net *"_s393", 27 0, L_0x7fdc0bcabba8;  1 drivers
L_0x7fdc0bcabbf0 .functor BUFT 1, C4<00000000000000000000000000000001>, C4<0>, C4<0>, C4<0>;
v0x55c6570ed690_0 .net/2u *"_s394", 31 0, L_0x7fdc0bcabbf0;  1 drivers
v0x55c6570ed770_0 .net *"_s396", 0 0, L_0x55c6571172b0;  1 drivers
L_0x7fdc0bcabc38 .functor BUFT 1, C4<00>, C4<0>, C4<0>, C4<0>;
v0x55c6570ed830_0 .net/2s *"_s398", 1 0, L_0x7fdc0bcabc38;  1 drivers
L_0x7fdc0bcaa060 .functor BUFT 1, C4<00000000000000000000000000000000>, C4<0>, C4<0>, C4<0>;
v0x55c6570ed910_0 .net/2u *"_s4", 31 0, L_0x7fdc0bcaa060;  1 drivers
L_0x7fdc0bcaa378 .functor BUFT 1, C4<000>, C4<0>, C4<0>, C4<0>;
v0x55c6570ed9f0_0 .net/2s *"_s40", 2 0, L_0x7fdc0bcaa378;  1 drivers
v0x55c6570edad0_0 .net *"_s400", 31 0, L_0x55c6571173f0;  1 drivers
L_0x7fdc0bcabc80 .functor BUFT 1, C4<0000000000000000000000000000>, C4<0>, C4<0>, C4<0>;
v0x55c6570edbb0_0 .net *"_s403", 27 0, L_0x7fdc0bcabc80;  1 drivers
L_0x7fdc0bcabcc8 .functor BUFT 1, C4<00000000000000000000000000000010>, C4<0>, C4<0>, C4<0>;
v0x55c6570edc90_0 .net/2u *"_s404", 31 0, L_0x7fdc0bcabcc8;  1 drivers
v0x55c6570edd70_0 .net *"_s406", 0 0, L_0x55c657117c20;  1 drivers
L_0x7fdc0bcabd10 .functor BUFT 1, C4<00>, C4<0>, C4<0>, C4<0>;
v0x55c6570ede30_0 .net/2s *"_s408", 1 0, L_0x7fdc0bcabd10;  1 drivers
v0x55c6570edf10_0 .net *"_s410", 31 0, L_0x55c657117d60;  1 drivers
L_0x7fdc0bcabd58 .functor BUFT 1, C4<0000000000000000000000000000>, C4<0>, C4<0>, C4<0>;
v0x55c6570edff0_0 .net *"_s413", 27 0, L_0x7fdc0bcabd58;  1 drivers
L_0x7fdc0bcabda0 .functor BUFT 1, C4<00000000000000000000000000000011>, C4<0>, C4<0>, C4<0>;
v0x55c6570ee0d0_0 .net/2u *"_s414", 31 0, L_0x7fdc0bcabda0;  1 drivers
v0x55c6570ee1b0_0 .net *"_s416", 0 0, L_0x55c657118190;  1 drivers
L_0x7fdc0bcabde8 .functor BUFT 1, C4<00>, C4<0>, C4<0>, C4<0>;
v0x55c6570ee270_0 .net/2s *"_s418", 1 0, L_0x7fdc0bcabde8;  1 drivers
v0x55c6570ee350_0 .net *"_s42", 2 0, L_0x55c65710b170;  1 drivers
v0x55c6570ee430_0 .net *"_s420", 31 0, L_0x55c6571182d0;  1 drivers
L_0x7fdc0bcabe30 .functor BUFT 1, C4<0000000000000000000000000000>, C4<0>, C4<0>, C4<0>;
v0x55c6570ee510_0 .net *"_s423", 27 0, L_0x7fdc0bcabe30;  1 drivers
L_0x7fdc0bcabe78 .functor BUFT 1, C4<00000000000000000000000000000100>, C4<0>, C4<0>, C4<0>;
v0x55c6570ee5f0_0 .net/2u *"_s424", 31 0, L_0x7fdc0bcabe78;  1 drivers
v0x55c6570ee6d0_0 .net *"_s426", 0 0, L_0x55c657118710;  1 drivers
L_0x7fdc0bcabec0 .functor BUFT 1, C4<00>, C4<0>, C4<0>, C4<0>;
v0x55c6570ee790_0 .net/2s *"_s428", 1 0, L_0x7fdc0bcabec0;  1 drivers
v0x55c6570ee870_0 .net *"_s430", 31 0, L_0x55c657118850;  1 drivers
L_0x7fdc0bcabf08 .functor BUFT 1, C4<0000000000000000000000000000>, C4<0>, C4<0>, C4<0>;
v0x55c6570ee950_0 .net *"_s433", 27 0, L_0x7fdc0bcabf08;  1 drivers
L_0x7fdc0bcabf50 .functor BUFT 1, C4<00000000000000000000000000000101>, C4<0>, C4<0>, C4<0>;
v0x55c6570eea30_0 .net/2u *"_s434", 31 0, L_0x7fdc0bcabf50;  1 drivers
v0x55c6570eeb10_0 .net *"_s436", 0 0, L_0x55c657118ca0;  1 drivers
L_0x7fdc0bcabf98 .functor BUFT 1, C4<00>, C4<0>, C4<0>, C4<0>;
v0x55c6570eebd0_0 .net/2s *"_s438", 1 0, L_0x7fdc0bcabf98;  1 drivers
v0x55c6570eecb0_0 .net *"_s44", 2 0, L_0x55c65710b330;  1 drivers
v0x55c6570eed90_0 .net *"_s440", 31 0, L_0x55c657118de0;  1 drivers
L_0x7fdc0bcabfe0 .functor BUFT 1, C4<0000000000000000000000000000>, C4<0>, C4<0>, C4<0>;
v0x55c6570eee70_0 .net *"_s443", 27 0, L_0x7fdc0bcabfe0;  1 drivers
L_0x7fdc0bcac028 .functor BUFT 1, C4<00000000000000000000000000000110>, C4<0>, C4<0>, C4<0>;
v0x55c6570eef50_0 .net/2u *"_s444", 31 0, L_0x7fdc0bcac028;  1 drivers
v0x55c6570ef030_0 .net *"_s446", 0 0, L_0x55c657119240;  1 drivers
L_0x7fdc0bcac070 .functor BUFT 1, C4<00>, C4<0>, C4<0>, C4<0>;
v0x55c6570ef0f0_0 .net/2s *"_s448", 1 0, L_0x7fdc0bcac070;  1 drivers
v0x55c6570ef1d0_0 .net *"_s450", 31 0, L_0x55c657119380;  1 drivers
L_0x7fdc0bcac0b8 .functor BUFT 1, C4<0000000000000000000000000000>, C4<0>, C4<0>, C4<0>;
v0x55c6570ef2b0_0 .net *"_s453", 27 0, L_0x7fdc0bcac0b8;  1 drivers
L_0x7fdc0bcac100 .functor BUFT 1, C4<00000000000000000000000000000111>, C4<0>, C4<0>, C4<0>;
v0x55c6570ef390_0 .net/2u *"_s454", 31 0, L_0x7fdc0bcac100;  1 drivers
v0x55c6570ef470_0 .net *"_s456", 0 0, L_0x55c6571197f0;  1 drivers
L_0x7fdc0bcac148 .functor BUFT 1, C4<00>, C4<0>, C4<0>, C4<0>;
v0x55c6570ef530_0 .net/2s *"_s458", 1 0, L_0x7fdc0bcac148;  1 drivers
v0x55c6570ef610_0 .net *"_s46", 2 0, L_0x55c65710b4d0;  1 drivers
L_0x7fdc0bcac190 .functor BUFT 1, C4<00>, C4<0>, C4<0>, C4<0>;
v0x55c6570ef6f0_0 .net/2s *"_s460", 1 0, L_0x7fdc0bcac190;  1 drivers
v0x55c6570ef7d0_0 .net *"_s462", 1 0, L_0x55c657119930;  1 drivers
v0x55c6570ef8b0_0 .net *"_s464", 1 0, L_0x55c657119e50;  1 drivers
v0x55c6570ef990_0 .net *"_s466", 1 0, L_0x55c657119fe0;  1 drivers
v0x55c6570efa70_0 .net *"_s468", 1 0, L_0x55c65711a510;  1 drivers
v0x55c6570efb50_0 .net *"_s470", 1 0, L_0x55c65711a6a0;  1 drivers
v0x55c6570efc30_0 .net *"_s472", 1 0, L_0x55c65711abe0;  1 drivers
v0x55c6570efd10_0 .net *"_s474", 1 0, L_0x55c65711ad70;  1 drivers
v0x55c6570efdf0_0 .net *"_s476", 1 0, L_0x55c65711b2c0;  1 drivers
v0x55c6570efed0_0 .net *"_s48", 2 0, L_0x55c65710b660;  1 drivers
v0x55c6570effb0_0 .net *"_s52", 31 0, L_0x55c65710b990;  1 drivers
L_0x7fdc0bcaa3c0 .functor BUFT 1, C4<0000000000000000000000000000>, C4<0>, C4<0>, C4<0>;
v0x55c6570f0090_0 .net *"_s55", 27 0, L_0x7fdc0bcaa3c0;  1 drivers
L_0x7fdc0bcaa408 .functor BUFT 1, C4<00000000000000000000000000000010>, C4<0>, C4<0>, C4<0>;
v0x55c6570f0170_0 .net/2u *"_s56", 31 0, L_0x7fdc0bcaa408;  1 drivers
v0x55c6570f0250_0 .net *"_s58", 0 0, L_0x55c65710bb00;  1 drivers
v0x55c6570f0310_0 .net *"_s6", 0 0, L_0x55c65710a7f0;  1 drivers
L_0x7fdc0bcaa450 .functor BUFT 1, C4<001>, C4<0>, C4<0>, C4<0>;
v0x55c6570f03d0_0 .net/2s *"_s60", 2 0, L_0x7fdc0bcaa450;  1 drivers
v0x55c6570f04b0_0 .net *"_s62", 31 0, L_0x55c65710bc40;  1 drivers
L_0x7fdc0bcaa498 .functor BUFT 1, C4<0000000000000000000000000000>, C4<0>, C4<0>, C4<0>;
v0x55c6570f0590_0 .net *"_s65", 27 0, L_0x7fdc0bcaa498;  1 drivers
L_0x7fdc0bcaa4e0 .functor BUFT 1, C4<00000000000000000000000000000011>, C4<0>, C4<0>, C4<0>;
v0x55c6570f0670_0 .net/2u *"_s66", 31 0, L_0x7fdc0bcaa4e0;  1 drivers
v0x55c6570f0750_0 .net *"_s68", 0 0, L_0x55c65710bed0;  1 drivers
L_0x7fdc0bcaa528 .functor BUFT 1, C4<000>, C4<0>, C4<0>, C4<0>;
v0x55c6570f0810_0 .net/2s *"_s70", 2 0, L_0x7fdc0bcaa528;  1 drivers
v0x55c6570f08f0_0 .net *"_s72", 31 0, L_0x55c65710c010;  1 drivers
L_0x7fdc0bcaa570 .functor BUFT 1, C4<0000000000000000000000000000>, C4<0>, C4<0>, C4<0>;
v0x55c6570f09d0_0 .net *"_s75", 27 0, L_0x7fdc0bcaa570;  1 drivers
L_0x7fdc0bcaa5b8 .functor BUFT 1, C4<00000000000000000000000000000101>, C4<0>, C4<0>, C4<0>;
v0x55c6570f0ab0_0 .net/2u *"_s76", 31 0, L_0x7fdc0bcaa5b8;  1 drivers
v0x55c6570f0b90_0 .net *"_s78", 0 0, L_0x55c65710c1a0;  1 drivers
L_0x7fdc0bcaa0a8 .functor BUFT 1, C4<000>, C4<0>, C4<0>, C4<0>;
v0x55c6570f0c50_0 .net/2s *"_s8", 2 0, L_0x7fdc0bcaa0a8;  1 drivers
L_0x7fdc0bcaa600 .functor BUFT 1, C4<010>, C4<0>, C4<0>, C4<0>;
v0x55c6570f0d30_0 .net/2s *"_s80", 2 0, L_0x7fdc0bcaa600;  1 drivers
v0x55c6570f0e10_0 .net *"_s82", 31 0, L_0x55c65710c2e0;  1 drivers
L_0x7fdc0bcaa648 .functor BUFT 1, C4<0000000000000000000000000000>, C4<0>, C4<0>, C4<0>;
v0x55c6570f0ef0_0 .net *"_s85", 27 0, L_0x7fdc0bcaa648;  1 drivers
L_0x7fdc0bcaa690 .functor BUFT 1, C4<00000000000000000000000000000110>, C4<0>, C4<0>, C4<0>;
v0x55c6570f0fd0_0 .net/2u *"_s86", 31 0, L_0x7fdc0bcaa690;  1 drivers
v0x55c6570f10b0_0 .net *"_s88", 0 0, L_0x55c65710c0b0;  1 drivers
L_0x7fdc0bcaa6d8 .functor BUFT 1, C4<000>, C4<0>, C4<0>, C4<0>;
v0x55c6570f1170_0 .net/2s *"_s90", 2 0, L_0x7fdc0bcaa6d8;  1 drivers
L_0x7fdc0bcaa720 .functor BUFT 1, C4<000>, C4<0>, C4<0>, C4<0>;
v0x55c6570f1250_0 .net/2s *"_s92", 2 0, L_0x7fdc0bcaa720;  1 drivers
v0x55c6570f1330_0 .net *"_s94", 2 0, L_0x55c65710c630;  1 drivers
v0x55c6570f1410_0 .net *"_s96", 2 0, L_0x55c65710c880;  1 drivers
v0x55c6570f14f0_0 .net *"_s98", 2 0, L_0x55c65710ca10;  1 drivers
v0x55c6570f15d0_0 .net "clock", 0 0, v0x55c6570f9bb0_0;  alias, 1 drivers
v0x55c6570f1690_0 .net "done", 0 0, L_0x55c657116870;  alias, 1 drivers
v0x55c6570f1750_0 .net "enable", 0 0, v0x55c6570f9d30_0;  alias, 1 drivers
v0x55c6570f1810_0 .net "ready", 0 0, L_0x55c65711b450;  alias, 1 drivers
v0x55c6570f18d0_0 .net "reset", 0 0, v0x55c6570fa1f0_0;  alias, 1 drivers
v0x55c6570f1990_0 .var "state", 3 0;
E_0x55c657069480/0 .event edge, v0x55c6570f18d0_0;
E_0x55c657069480/1 .event posedge, v0x55c6570f15d0_0;
E_0x55c657069480 .event/or E_0x55c657069480/0, E_0x55c657069480/1;
L_0x55c6570fa6d0 .concat [ 4 28 0 0], v0x55c6570f1990_0, L_0x7fdc0bcaa018;
L_0x55c65710a7f0 .cmp/eq 32, L_0x55c6570fa6d0, L_0x7fdc0bcaa060;
L_0x55c65710a930 .concat [ 4 28 0 0], v0x55c6570f1990_0, L_0x7fdc0bcaa0f0;
L_0x55c65710aac0 .cmp/eq 32, L_0x55c65710a930, L_0x7fdc0bcaa138;
L_0x55c65710ac00 .concat [ 4 28 0 0], v0x55c6570f1990_0, L_0x7fdc0bcaa1c8;
L_0x55c65710acf0 .cmp/eq 32, L_0x55c65710ac00, L_0x7fdc0bcaa210;
L_0x55c65710af00 .concat [ 4 28 0 0], v0x55c6570f1990_0, L_0x7fdc0bcaa2a0;
L_0x55c65710b030 .cmp/eq 32, L_0x55c65710af00, L_0x7fdc0bcaa2e8;
L_0x55c65710b170 .functor MUXZ 3, L_0x7fdc0bcaa378, L_0x7fdc0bcaa330, L_0x55c65710b030, C4<>;
L_0x55c65710b330 .functor MUXZ 3, L_0x55c65710b170, L_0x7fdc0bcaa258, L_0x55c65710acf0, C4<>;
L_0x55c65710b4d0 .functor MUXZ 3, L_0x55c65710b330, L_0x7fdc0bcaa180, L_0x55c65710aac0, C4<>;
L_0x55c65710b660 .functor MUXZ 3, L_0x55c65710b4d0, L_0x7fdc0bcaa0a8, L_0x55c65710a7f0, C4<>;
L_0x55c65710b860 .part L_0x55c65710b660, 0, 2;
L_0x55c65710b990 .concat [ 4 28 0 0], v0x55c6570f1990_0, L_0x7fdc0bcaa3c0;
L_0x55c65710bb00 .cmp/eq 32, L_0x55c65710b990, L_0x7fdc0bcaa408;
L_0x55c65710bc40 .concat [ 4 28 0 0], v0x55c6570f1990_0, L_0x7fdc0bcaa498;
L_0x55c65710bed0 .cmp/eq 32, L_0x55c65710bc40, L_0x7fdc0bcaa4e0;
L_0x55c65710c010 .concat [ 4 28 0 0], v0x55c6570f1990_0, L_0x7fdc0bcaa570;
L_0x55c65710c1a0 .cmp/eq 32, L_0x55c65710c010, L_0x7fdc0bcaa5b8;
L_0x55c65710c2e0 .concat [ 4 28 0 0], v0x55c6570f1990_0, L_0x7fdc0bcaa648;
L_0x55c65710c0b0 .cmp/eq 32, L_0x55c65710c2e0, L_0x7fdc0bcaa690;
L_0x55c65710c630 .functor MUXZ 3, L_0x7fdc0bcaa720, L_0x7fdc0bcaa6d8, L_0x55c65710c0b0, C4<>;
L_0x55c65710c880 .functor MUXZ 3, L_0x55c65710c630, L_0x7fdc0bcaa600, L_0x55c65710c1a0, C4<>;
L_0x55c65710ca10 .functor MUXZ 3, L_0x55c65710c880, L_0x7fdc0bcaa528, L_0x55c65710bed0, C4<>;
L_0x55c65710cc70 .functor MUXZ 3, L_0x55c65710ca10, L_0x7fdc0bcaa450, L_0x55c65710bb00, C4<>;
L_0x55c65710ce00 .part L_0x55c65710cc70, 0, 2;
L_0x55c65710cf80 .concat [ 4 28 0 0], v0x55c6570f1990_0, L_0x7fdc0bcaa768;
L_0x55c65710d070 .cmp/eq 32, L_0x55c65710cf80, L_0x7fdc0bcaa7b0;
L_0x55c65710d2a0 .concat [ 4 28 0 0], v0x55c6570f1990_0, L_0x7fdc0bcaa840;
L_0x55c65710d390 .cmp/eq 32, L_0x55c65710d2a0, L_0x7fdc0bcaa888;
L_0x55c65710d5d0 .concat [ 4 28 0 0], v0x55c6570f1990_0, L_0x7fdc0bcaa918;
L_0x55c65710d6c0 .cmp/eq 32, L_0x55c65710d5d0, L_0x7fdc0bcaa960;
L_0x55c65710d910 .concat [ 4 28 0 0], v0x55c6570f1990_0, L_0x7fdc0bcaa9f0;
L_0x55c65710da00 .cmp/eq 32, L_0x55c65710d910, L_0x7fdc0bcaaa38;
L_0x55c65710dc60 .functor MUXZ 3, L_0x7fdc0bcaaac8, L_0x7fdc0bcaaa80, L_0x55c65710da00, C4<>;
L_0x55c65710ddf0 .functor MUXZ 3, L_0x55c65710dc60, L_0x7fdc0bcaa9a8, L_0x55c65710d6c0, C4<>;
L_0x55c65710dfc0 .functor MUXZ 3, L_0x55c65710ddf0, L_0x7fdc0bcaa8d0, L_0x55c65710d390, C4<>;
L_0x55c65710e150 .functor MUXZ 3, L_0x55c65710dfc0, L_0x7fdc0bcaa7f8, L_0x55c65710d070, C4<>;
L_0x55c65710e420 .part L_0x55c65710e150, 0, 2;
L_0x55c65710e4c0 .concat [ 4 28 0 0], v0x55c6570f1990_0, L_0x7fdc0bcaab10;
L_0x55c65710e700 .cmp/eq 32, L_0x55c65710e4c0, L_0x7fdc0bcaab58;
L_0x55c65710e840 .concat [ 4 28 0 0], v0x55c6570f1990_0, L_0x7fdc0bcaabe8;
L_0x55c65710ea90 .cmp/eq 32, L_0x55c65710e840, L_0x7fdc0bcaac30;
L_0x55c65710ebd0 .concat [ 4 28 0 0], v0x55c6570f1990_0, L_0x7fdc0bcaacc0;
L_0x55c65710ee30 .cmp/eq 32, L_0x55c65710ebd0, L_0x7fdc0bcaad08;
L_0x55c65710ef70 .functor MUXZ 2, L_0x7fdc0bcaad98, L_0x7fdc0bcaad50, L_0x55c65710ee30, C4<>;
L_0x55c65710f280 .functor MUXZ 2, L_0x55c65710ef70, L_0x7fdc0bcaac78, L_0x55c65710ea90, C4<>;
L_0x55c65710f410 .functor MUXZ 2, L_0x55c65710f280, L_0x7fdc0bcaaba0, L_0x55c65710e700, C4<>;
L_0x55c65710f730 .part L_0x55c65710f410, 0, 1;
L_0x55c65710f7d0 .concat [ 4 28 0 0], v0x55c6570f1990_0, L_0x7fdc0bcaade0;
L_0x55c65710fc70 .cmp/eq 32, L_0x55c65710f7d0, L_0x7fdc0bcaae28;
L_0x55c65710fdb0 .functor MUXZ 2, L_0x7fdc0bcaaeb8, L_0x7fdc0bcaae70, L_0x55c65710fc70, C4<>;
L_0x55c6571100f0 .part L_0x55c65710fdb0, 0, 1;
L_0x55c657110220 .concat [ 4 28 0 0], v0x55c6570f1990_0, L_0x7fdc0bcaaf00;
L_0x55c6571104d0 .cmp/eq 32, L_0x55c657110220, L_0x7fdc0bcaaf48;
L_0x55c657110610 .concat [ 4 28 0 0], v0x55c6570f1990_0, L_0x7fdc0bcaafd8;
L_0x55c6571108d0 .cmp/eq 32, L_0x55c657110610, L_0x7fdc0bcab020;
L_0x55c657110a10 .concat [ 4 28 0 0], v0x55c6570f1990_0, L_0x7fdc0bcab0b0;
L_0x55c657110ce0 .cmp/eq 32, L_0x55c657110a10, L_0x7fdc0bcab0f8;
L_0x55c657110e20 .functor MUXZ 2, L_0x7fdc0bcab188, L_0x7fdc0bcab140, L_0x55c657110ce0, C4<>;
L_0x55c6571111a0 .functor MUXZ 2, L_0x55c657110e20, L_0x7fdc0bcab068, L_0x55c6571108d0, C4<>;
L_0x55c657111330 .functor MUXZ 2, L_0x55c6571111a0, L_0x7fdc0bcaaf90, L_0x55c6571104d0, C4<>;
L_0x55c6571116c0 .part L_0x55c657111330, 0, 1;
L_0x55c6571117f0 .concat [ 4 28 0 0], v0x55c6570f1990_0, L_0x7fdc0bcab1d0;
L_0x55c657111af0 .cmp/eq 32, L_0x55c6571117f0, L_0x7fdc0bcab218;
L_0x55c657111c30 .concat [ 4 28 0 0], v0x55c6570f1990_0, L_0x7fdc0bcab2a8;
L_0x55c657111f40 .cmp/eq 32, L_0x55c657111c30, L_0x7fdc0bcab2f0;
L_0x55c657112080 .functor MUXZ 2, L_0x7fdc0bcab380, L_0x7fdc0bcab338, L_0x55c657111f40, C4<>;
L_0x55c657112440 .functor MUXZ 2, L_0x55c657112080, L_0x7fdc0bcab260, L_0x55c657111af0, C4<>;
L_0x55c6571125d0 .part L_0x55c657112440, 0, 1;
L_0x55c657112940 .concat [ 4 28 0 0], v0x55c6570f1990_0, L_0x7fdc0bcab3c8;
L_0x55c657112a30 .cmp/eq 32, L_0x55c657112940, L_0x7fdc0bcab410;
L_0x55c657112dc0 .concat [ 4 28 0 0], v0x55c6570f1990_0, L_0x7fdc0bcab4a0;
L_0x55c657112eb0 .cmp/eq 32, L_0x55c657112dc0, L_0x7fdc0bcab4e8;
L_0x55c657113250 .concat [ 4 28 0 0], v0x55c6570f1990_0, L_0x7fdc0bcab578;
L_0x55c657113340 .cmp/eq 32, L_0x55c657113250, L_0x7fdc0bcab5c0;
L_0x55c6571136f0 .concat [ 4 28 0 0], v0x55c6570f1990_0, L_0x7fdc0bcab650;
L_0x55c6571137e0 .cmp/eq 32, L_0x55c6571136f0, L_0x7fdc0bcab698;
L_0x55c657113ba0 .concat [ 4 28 0 0], v0x55c6570f1990_0, L_0x7fdc0bcab728;
L_0x55c657113c90 .cmp/eq 32, L_0x55c657113ba0, L_0x7fdc0bcab770;
L_0x55c657114060 .concat [ 4 28 0 0], v0x55c6570f1990_0, L_0x7fdc0bcab800;
L_0x55c657114180 .cmp/eq 32, L_0x55c657114060, L_0x7fdc0bcab848;
L_0x55c657114590 .concat [ 4 28 0 0], v0x55c6570f1990_0, L_0x7fdc0bcab8d8;
L_0x55c6571146b0 .cmp/eq 32, L_0x55c657114590, L_0x7fdc0bcab920;
L_0x55c657114ad0 .concat [ 4 28 0 0], v0x55c6570f1990_0, L_0x7fdc0bcab9b0;
L_0x55c657114bf0 .cmp/eq 32, L_0x55c657114ad0, L_0x7fdc0bcab9f8;
L_0x55c657115020 .functor MUXZ 2, L_0x7fdc0bcaba88, L_0x7fdc0bcaba40, L_0x55c657114bf0, C4<>;
L_0x55c6571151e0 .functor MUXZ 2, L_0x55c657115020, L_0x7fdc0bcab968, L_0x55c6571146b0, C4<>;
L_0x55c657115640 .functor MUXZ 2, L_0x55c6571151e0, L_0x7fdc0bcab890, L_0x55c657114180, C4<>;
L_0x55c6571157d0 .functor MUXZ 2, L_0x55c657115640, L_0x7fdc0bcab7b8, L_0x55c657113c90, C4<>;
L_0x55c657115c40 .functor MUXZ 2, L_0x55c6571157d0, L_0x7fdc0bcab6e0, L_0x55c6571137e0, C4<>;
L_0x55c657115dd0 .functor MUXZ 2, L_0x55c657115c40, L_0x7fdc0bcab608, L_0x55c657113340, C4<>;
L_0x55c657116250 .functor MUXZ 2, L_0x55c657115dd0, L_0x7fdc0bcab530, L_0x55c657112eb0, C4<>;
L_0x55c6571163e0 .functor MUXZ 2, L_0x55c657116250, L_0x7fdc0bcab458, L_0x55c657112a30, C4<>;
L_0x55c657116870 .part L_0x55c6571163e0, 0, 1;
L_0x55c657116960 .concat [ 4 28 0 0], v0x55c6570f1990_0, L_0x7fdc0bcabad0;
L_0x55c657116d60 .cmp/eq 32, L_0x55c657116960, L_0x7fdc0bcabb18;
L_0x55c657116ea0 .concat [ 4 28 0 0], v0x55c6570f1990_0, L_0x7fdc0bcabba8;
L_0x55c6571172b0 .cmp/eq 32, L_0x55c657116ea0, L_0x7fdc0bcabbf0;
L_0x55c6571173f0 .concat [ 4 28 0 0], v0x55c6570f1990_0, L_0x7fdc0bcabc80;
L_0x55c657117c20 .cmp/eq 32, L_0x55c6571173f0, L_0x7fdc0bcabcc8;
L_0x55c657117d60 .concat [ 4 28 0 0], v0x55c6570f1990_0, L_0x7fdc0bcabd58;
L_0x55c657118190 .cmp/eq 32, L_0x55c657117d60, L_0x7fdc0bcabda0;
L_0x55c6571182d0 .concat [ 4 28 0 0], v0x55c6570f1990_0, L_0x7fdc0bcabe30;
L_0x55c657118710 .cmp/eq 32, L_0x55c6571182d0, L_0x7fdc0bcabe78;
L_0x55c657118850 .concat [ 4 28 0 0], v0x55c6570f1990_0, L_0x7fdc0bcabf08;
L_0x55c657118ca0 .cmp/eq 32, L_0x55c657118850, L_0x7fdc0bcabf50;
L_0x55c657118de0 .concat [ 4 28 0 0], v0x55c6570f1990_0, L_0x7fdc0bcabfe0;
L_0x55c657119240 .cmp/eq 32, L_0x55c657118de0, L_0x7fdc0bcac028;
L_0x55c657119380 .concat [ 4 28 0 0], v0x55c6570f1990_0, L_0x7fdc0bcac0b8;
L_0x55c6571197f0 .cmp/eq 32, L_0x55c657119380, L_0x7fdc0bcac100;
L_0x55c657119930 .functor MUXZ 2, L_0x7fdc0bcac190, L_0x7fdc0bcac148, L_0x55c6571197f0, C4<>;
L_0x55c657119e50 .functor MUXZ 2, L_0x55c657119930, L_0x7fdc0bcac070, L_0x55c657119240, C4<>;
L_0x55c657119fe0 .functor MUXZ 2, L_0x55c657119e50, L_0x7fdc0bcabf98, L_0x55c657118ca0, C4<>;
L_0x55c65711a510 .functor MUXZ 2, L_0x55c657119fe0, L_0x7fdc0bcabec0, L_0x55c657118710, C4<>;
L_0x55c65711a6a0 .functor MUXZ 2, L_0x55c65711a510, L_0x7fdc0bcabde8, L_0x55c657118190, C4<>;
L_0x55c65711abe0 .functor MUXZ 2, L_0x55c65711a6a0, L_0x7fdc0bcabd10, L_0x55c657117c20, C4<>;
L_0x55c65711ad70 .functor MUXZ 2, L_0x55c65711abe0, L_0x7fdc0bcabc38, L_0x55c6571172b0, C4<>;
L_0x55c65711b2c0 .functor MUXZ 2, L_0x55c65711ad70, L_0x7fdc0bcabb60, L_0x55c657116d60, C4<>;
L_0x55c65711b450 .part L_0x55c65711b2c0, 0, 1;
S_0x55c6570f1bf0 .scope module, "bo0" "bo" 3 25, 5 5 0, S_0x55c6570c0f70;
 .timescale 0 0;
    .port_info 0 /INPUT 1 "clock"
    .port_info 1 /INPUT 1 "LX"
    .port_info 2 /INPUT 2 "M0"
    .port_info 3 /INPUT 2 "M1"
    .port_info 4 /INPUT 2 "M2"
    .port_info 5 /INPUT 1 "H"
    .port_info 6 /INPUT 1 "LS"
    .port_info 7 /INPUT 1 "LH"
    .port_info 8 /INPUT 8 "valor_x"
    .port_info 9 /INPUT 16 "valor_a"
    .port_info 10 /INPUT 16 "valor_b"
    .port_info 11 /INPUT 16 "valor_c"
    .port_info 12 /OUTPUT 16 "resultado"
L_0x55c65710b700 .functor BUFZ 16, v0x55c6570f6720_0, C4<0000000000000000>, C4<0000000000000000>, C4<0000000000000000>;
v0x55c6570f76b0_0 .net "H", 0 0, L_0x55c65710f730;  alias, 1 drivers
v0x55c6570f77c0_0 .net "LH", 0 0, L_0x55c6571125d0;  alias, 1 drivers
v0x55c6570f78d0_0 .net "LS", 0 0, L_0x55c6571116c0;  alias, 1 drivers
v0x55c6570f79c0_0 .net "LX", 0 0, L_0x55c6571100f0;  alias, 1 drivers
v0x55c6570f7ab0_0 .net "M0", 1 0, L_0x55c65710b860;  alias, 1 drivers
v0x55c6570f7bf0_0 .net "M1", 1 0, L_0x55c65710ce00;  alias, 1 drivers
v0x55c6570f7ce0_0 .net "M2", 1 0, L_0x55c65710e420;  alias, 1 drivers
v0x55c6570f7df0_0 .net "clock", 0 0, v0x55c6570f9bb0_0;  alias, 1 drivers
v0x55c6570f7e90_0 .net/s "out_h", 15 0, v0x55c6570f60a0_0;  1 drivers
v0x55c6570f7f50_0 .net/s "out_mux0", 15 0, L_0x55c65711c3d0;  1 drivers
v0x55c6570f8010_0 .net/s "out_mux1", 15 0, L_0x55c65711d7c0;  1 drivers
v0x55c6570f80d0_0 .net/s "out_mux2", 15 0, L_0x55c65711e200;  1 drivers
v0x55c6570f8190_0 .net/s "out_s", 15 0, v0x55c6570f6720_0;  1 drivers
v0x55c6570f8250_0 .net/s "out_ula", 15 0, L_0x55c65711e5a0;  1 drivers
v0x55c6570f8310_0 .net/s "out_x", 15 0, v0x55c6570f6d30_0;  1 drivers
v0x55c6570f83d0_0 .net/s "resultado", 15 0, L_0x55c65710b700;  alias, 1 drivers
v0x55c6570f84b0_0 .net/s "valor_a", 15 0, v0x55c6570f9970_0;  alias, 1 drivers
v0x55c6570f86d0_0 .net/s "valor_b", 15 0, v0x55c6570f9a50_0;  alias, 1 drivers
v0x55c6570f8790_0 .net/s "valor_c", 15 0, v0x55c6570f9b10_0;  alias, 1 drivers
v0x55c6570f8830_0 .net/s "valor_x", 7 0, v0x55c6570fa4b0_0;  alias, 1 drivers
v0x55c6570f88f0_0 .net/s "valor_x16", 15 0, L_0x55c65711b910;  1 drivers
L_0x55c65711b910 .extend/s 16, v0x55c6570fa4b0_0;
S_0x55c6570f1ed0 .scope module, "mux0" "mux" 5 34, 6 1 0, S_0x55c6570f1bf0;
 .timescale 0 0;
    .port_info 0 /INPUT 16 "a"
    .port_info 1 /INPUT 16 "b"
    .port_info 2 /INPUT 16 "c"
    .port_info 3 /INPUT 16 "d"
    .port_info 4 /INPUT 2 "set"
    .port_info 5 /OUTPUT 16 "out"
v0x55c6570f2140_0 .net *"_s0", 31 0, L_0x55c65711ba00;  1 drivers
L_0x7fdc0bcac268 .functor BUFT 1, C4<000000000000000000000000000000>, C4<0>, C4<0>, C4<0>;
v0x55c6570f2240_0 .net *"_s11", 29 0, L_0x7fdc0bcac268;  1 drivers
L_0x7fdc0bcac2b0 .functor BUFT 1, C4<00000000000000000000000000000001>, C4<0>, C4<0>, C4<0>;
v0x55c6570f2320_0 .net/2u *"_s12", 31 0, L_0x7fdc0bcac2b0;  1 drivers
v0x55c6570f23e0_0 .net *"_s14", 0 0, L_0x55c65711bd20;  1 drivers
v0x55c6570f24a0_0 .net *"_s16", 31 0, L_0x55c65711be60;  1 drivers
L_0x7fdc0bcac2f8 .functor BUFT 1, C4<000000000000000000000000000000>, C4<0>, C4<0>, C4<0>;
v0x55c6570f25d0_0 .net *"_s19", 29 0, L_0x7fdc0bcac2f8;  1 drivers
L_0x7fdc0bcac340 .functor BUFT 1, C4<00000000000000000000000000000010>, C4<0>, C4<0>, C4<0>;
v0x55c6570f26b0_0 .net/2u *"_s20", 31 0, L_0x7fdc0bcac340;  1 drivers
v0x55c6570f2790_0 .net *"_s22", 0 0, L_0x55c65711bf50;  1 drivers
v0x55c6570f2850_0 .net *"_s24", 15 0, L_0x55c65711c0d0;  1 drivers
v0x55c6570f2930_0 .net *"_s26", 15 0, L_0x55c65711c2e0;  1 drivers
L_0x7fdc0bcac1d8 .functor BUFT 1, C4<000000000000000000000000000000>, C4<0>, C4<0>, C4<0>;
v0x55c6570f2a10_0 .net *"_s3", 29 0, L_0x7fdc0bcac1d8;  1 drivers
L_0x7fdc0bcac220 .functor BUFT 1, C4<00000000000000000000000000000000>, C4<0>, C4<0>, C4<0>;
v0x55c6570f2af0_0 .net/2u *"_s4", 31 0, L_0x7fdc0bcac220;  1 drivers
v0x55c6570f2bd0_0 .net *"_s6", 0 0, L_0x55c65711baf0;  1 drivers
v0x55c6570f2c90_0 .net *"_s8", 31 0, L_0x55c65711bc30;  1 drivers
v0x55c6570f2d70_0 .net/s "a", 15 0, v0x55c6570f9970_0;  alias, 1 drivers
v0x55c6570f2e50_0 .net/s "b", 15 0, v0x55c6570f9970_0;  alias, 1 drivers
v0x55c6570f2f10_0 .net/s "c", 15 0, v0x55c6570f9a50_0;  alias, 1 drivers
v0x55c6570f2fd0_0 .net/s "d", 15 0, v0x55c6570f9b10_0;  alias, 1 drivers
v0x55c6570f30b0_0 .net/s "out", 15 0, L_0x55c65711c3d0;  alias, 1 drivers
v0x55c6570f3190_0 .net "set", 1 0, L_0x55c65710b860;  alias, 1 drivers
L_0x55c65711ba00 .concat [ 2 30 0 0], L_0x55c65710b860, L_0x7fdc0bcac1d8;
L_0x55c65711baf0 .cmp/eq 32, L_0x55c65711ba00, L_0x7fdc0bcac220;
L_0x55c65711bc30 .concat [ 2 30 0 0], L_0x55c65710b860, L_0x7fdc0bcac268;
L_0x55c65711bd20 .cmp/eq 32, L_0x55c65711bc30, L_0x7fdc0bcac2b0;
L_0x55c65711be60 .concat [ 2 30 0 0], L_0x55c65710b860, L_0x7fdc0bcac2f8;
L_0x55c65711bf50 .cmp/eq 32, L_0x55c65711be60, L_0x7fdc0bcac340;
L_0x55c65711c0d0 .functor MUXZ 16, v0x55c6570f9b10_0, v0x55c6570f9a50_0, L_0x55c65711bf50, C4<>;
L_0x55c65711c2e0 .functor MUXZ 16, L_0x55c65711c0d0, v0x55c6570f9970_0, L_0x55c65711bd20, C4<>;
L_0x55c65711c3d0 .functor MUXZ 16, L_0x55c65711c2e0, v0x55c6570f9970_0, L_0x55c65711baf0, C4<>;
S_0x55c6570f32f0 .scope module, "mux1" "mux" 5 35, 6 1 0, S_0x55c6570f1bf0;
 .timescale 0 0;
    .port_info 0 /INPUT 16 "a"
    .port_info 1 /INPUT 16 "b"
    .port_info 2 /INPUT 16 "c"
    .port_info 3 /INPUT 16 "d"
    .port_info 4 /INPUT 2 "set"
    .port_info 5 /OUTPUT 16 "out"
v0x55c6570f3530_0 .net *"_s0", 31 0, L_0x55c65711c550;  1 drivers
L_0x7fdc0bcac418 .functor BUFT 1, C4<000000000000000000000000000000>, C4<0>, C4<0>, C4<0>;
v0x55c6570f3610_0 .net *"_s11", 29 0, L_0x7fdc0bcac418;  1 drivers
L_0x7fdc0bcac460 .functor BUFT 1, C4<00000000000000000000000000000001>, C4<0>, C4<0>, C4<0>;
v0x55c6570f36f0_0 .net/2u *"_s12", 31 0, L_0x7fdc0bcac460;  1 drivers
v0x55c6570f37b0_0 .net *"_s14", 0 0, L_0x55c65711d080;  1 drivers
v0x55c6570f3870_0 .net *"_s16", 31 0, L_0x55c65711d1c0;  1 drivers
L_0x7fdc0bcac4a8 .functor BUFT 1, C4<000000000000000000000000000000>, C4<0>, C4<0>, C4<0>;
v0x55c6570f39a0_0 .net *"_s19", 29 0, L_0x7fdc0bcac4a8;  1 drivers
L_0x7fdc0bcac4f0 .functor BUFT 1, C4<00000000000000000000000000000010>, C4<0>, C4<0>, C4<0>;
v0x55c6570f3a80_0 .net/2u *"_s20", 31 0, L_0x7fdc0bcac4f0;  1 drivers
v0x55c6570f3b60_0 .net *"_s22", 0 0, L_0x55c65711d2b0;  1 drivers
v0x55c6570f3c20_0 .net *"_s24", 15 0, L_0x55c65711d430;  1 drivers
v0x55c6570f3d00_0 .net *"_s26", 15 0, L_0x55c65711d640;  1 drivers
L_0x7fdc0bcac388 .functor BUFT 1, C4<000000000000000000000000000000>, C4<0>, C4<0>, C4<0>;
v0x55c6570f3de0_0 .net *"_s3", 29 0, L_0x7fdc0bcac388;  1 drivers
L_0x7fdc0bcac3d0 .functor BUFT 1, C4<00000000000000000000000000000000>, C4<0>, C4<0>, C4<0>;
v0x55c6570f3ec0_0 .net/2u *"_s4", 31 0, L_0x7fdc0bcac3d0;  1 drivers
v0x55c6570f3fa0_0 .net *"_s6", 0 0, L_0x55c65711c640;  1 drivers
v0x55c6570f4060_0 .net *"_s8", 31 0, L_0x55c65711c780;  1 drivers
v0x55c6570f4140_0 .net/s "a", 15 0, L_0x55c65711c3d0;  alias, 1 drivers
v0x55c6570f4200_0 .net/s "b", 15 0, v0x55c6570f6d30_0;  alias, 1 drivers
v0x55c6570f42c0_0 .net/s "c", 15 0, v0x55c6570f6720_0;  alias, 1 drivers
v0x55c6570f43a0_0 .net/s "d", 15 0, v0x55c6570f60a0_0;  alias, 1 drivers
v0x55c6570f4480_0 .net/s "out", 15 0, L_0x55c65711d7c0;  alias, 1 drivers
v0x55c6570f4560_0 .net "set", 1 0, L_0x55c65710ce00;  alias, 1 drivers
L_0x55c65711c550 .concat [ 2 30 0 0], L_0x55c65710ce00, L_0x7fdc0bcac388;
L_0x55c65711c640 .cmp/eq 32, L_0x55c65711c550, L_0x7fdc0bcac3d0;
L_0x55c65711c780 .concat [ 2 30 0 0], L_0x55c65710ce00, L_0x7fdc0bcac418;
L_0x55c65711d080 .cmp/eq 32, L_0x55c65711c780, L_0x7fdc0bcac460;
L_0x55c65711d1c0 .concat [ 2 30 0 0], L_0x55c65710ce00, L_0x7fdc0bcac4a8;
L_0x55c65711d2b0 .cmp/eq 32, L_0x55c65711d1c0, L_0x7fdc0bcac4f0;
L_0x55c65711d430 .functor MUXZ 16, v0x55c6570f60a0_0, v0x55c6570f6720_0, L_0x55c65711d2b0, C4<>;
L_0x55c65711d640 .functor MUXZ 16, L_0x55c65711d430, v0x55c6570f6d30_0, L_0x55c65711d080, C4<>;
L_0x55c65711d7c0 .functor MUXZ 16, L_0x55c65711d640, L_0x55c65711c3d0, L_0x55c65711c640, C4<>;
S_0x55c6570f46c0 .scope module, "mux2" "mux" 5 36, 6 1 0, S_0x55c6570f1bf0;
 .timescale 0 0;
    .port_info 0 /INPUT 16 "a"
    .port_info 1 /INPUT 16 "b"
    .port_info 2 /INPUT 16 "c"
    .port_info 3 /INPUT 16 "d"
    .port_info 4 /INPUT 2 "set"
    .port_info 5 /OUTPUT 16 "out"
v0x55c6570f48e0_0 .net *"_s0", 31 0, L_0x55c65711d8b0;  1 drivers
L_0x7fdc0bcac5c8 .functor BUFT 1, C4<000000000000000000000000000000>, C4<0>, C4<0>, C4<0>;
v0x55c6570f49c0_0 .net *"_s11", 29 0, L_0x7fdc0bcac5c8;  1 drivers
L_0x7fdc0bcac610 .functor BUFT 1, C4<00000000000000000000000000000001>, C4<0>, C4<0>, C4<0>;
v0x55c6570f4aa0_0 .net/2u *"_s12", 31 0, L_0x7fdc0bcac610;  1 drivers
v0x55c6570f4b90_0 .net *"_s14", 0 0, L_0x55c65711dbd0;  1 drivers
v0x55c6570f4c50_0 .net *"_s16", 31 0, L_0x55c65711dd10;  1 drivers
L_0x7fdc0bcac658 .functor BUFT 1, C4<000000000000000000000000000000>, C4<0>, C4<0>, C4<0>;
v0x55c6570f4d80_0 .net *"_s19", 29 0, L_0x7fdc0bcac658;  1 drivers
L_0x7fdc0bcac6a0 .functor BUFT 1, C4<00000000000000000000000000000010>, C4<0>, C4<0>, C4<0>;
v0x55c6570f4e60_0 .net/2u *"_s20", 31 0, L_0x7fdc0bcac6a0;  1 drivers
v0x55c6570f4f40_0 .net *"_s22", 0 0, L_0x55c65711de00;  1 drivers
v0x55c6570f5000_0 .net *"_s24", 15 0, L_0x55c65711df80;  1 drivers
v0x55c6570f50e0_0 .net *"_s26", 15 0, L_0x55c65711e070;  1 drivers
L_0x7fdc0bcac538 .functor BUFT 1, C4<000000000000000000000000000000>, C4<0>, C4<0>, C4<0>;
v0x55c6570f51c0_0 .net *"_s3", 29 0, L_0x7fdc0bcac538;  1 drivers
L_0x7fdc0bcac580 .functor BUFT 1, C4<00000000000000000000000000000000>, C4<0>, C4<0>, C4<0>;
v0x55c6570f52a0_0 .net/2u *"_s4", 31 0, L_0x7fdc0bcac580;  1 drivers
v0x55c6570f5380_0 .net *"_s6", 0 0, L_0x55c65711d9a0;  1 drivers
v0x55c6570f5440_0 .net *"_s8", 31 0, L_0x55c65711dae0;  1 drivers
v0x55c6570f5520_0 .net/s "a", 15 0, v0x55c6570f6d30_0;  alias, 1 drivers
v0x55c6570f55e0_0 .net/s "b", 15 0, L_0x55c65711c3d0;  alias, 1 drivers
v0x55c6570f5680_0 .net/s "c", 15 0, v0x55c6570f6720_0;  alias, 1 drivers
v0x55c6570f5850_0 .net/s "d", 15 0, v0x55c6570f60a0_0;  alias, 1 drivers
v0x55c6570f5920_0 .net/s "out", 15 0, L_0x55c65711e200;  alias, 1 drivers
v0x55c6570f59e0_0 .net "set", 1 0, L_0x55c65710e420;  alias, 1 drivers
L_0x55c65711d8b0 .concat [ 2 30 0 0], L_0x55c65710e420, L_0x7fdc0bcac538;
L_0x55c65711d9a0 .cmp/eq 32, L_0x55c65711d8b0, L_0x7fdc0bcac580;
L_0x55c65711dae0 .concat [ 2 30 0 0], L_0x55c65710e420, L_0x7fdc0bcac5c8;
L_0x55c65711dbd0 .cmp/eq 32, L_0x55c65711dae0, L_0x7fdc0bcac610;
L_0x55c65711dd10 .concat [ 2 30 0 0], L_0x55c65710e420, L_0x7fdc0bcac658;
L_0x55c65711de00 .cmp/eq 32, L_0x55c65711dd10, L_0x7fdc0bcac6a0;
L_0x55c65711df80 .functor MUXZ 16, v0x55c6570f60a0_0, v0x55c6570f6720_0, L_0x55c65711de00, C4<>;
L_0x55c65711e070 .functor MUXZ 16, L_0x55c65711df80, L_0x55c65711c3d0, L_0x55c65711dbd0, C4<>;
L_0x55c65711e200 .functor MUXZ 16, L_0x55c65711e070, v0x55c6570f6d30_0, L_0x55c65711d9a0, C4<>;
S_0x55c6570f5bb0 .scope module, "reg_h" "registrador" 5 32, 7 1 0, S_0x55c6570f1bf0;
 .timescale 0 0;
    .port_info 0 /INPUT 1 "clk"
    .port_info 1 /INPUT 1 "l"
    .port_info 2 /INPUT 16 "in"
    .port_info 3 /OUTPUT 16 "out"
v0x55c6570f5df0_0 .net "clk", 0 0, v0x55c6570f9bb0_0;  alias, 1 drivers
v0x55c6570f5ee0_0 .net/s "in", 15 0, L_0x55c65711e5a0;  alias, 1 drivers
v0x55c6570f5fa0_0 .net "l", 0 0, L_0x55c6571125d0;  alias, 1 drivers
v0x55c6570f60a0_0 .var/s "out", 15 0;
E_0x55c65706ac00 .event posedge, v0x55c6570f15d0_0;
S_0x55c6570f61f0 .scope module, "reg_s" "registrador" 5 31, 7 1 0, S_0x55c6570f1bf0;
 .timescale 0 0;
    .port_info 0 /INPUT 1 "clk"
    .port_info 1 /INPUT 1 "l"
    .port_info 2 /INPUT 16 "in"
    .port_info 3 /OUTPUT 16 "out"
v0x55c6570f6480_0 .net "clk", 0 0, v0x55c6570f9bb0_0;  alias, 1 drivers
v0x55c6570f6590_0 .net/s "in", 15 0, L_0x55c65711e5a0;  alias, 1 drivers
v0x55c6570f6650_0 .net "l", 0 0, L_0x55c6571116c0;  alias, 1 drivers
v0x55c6570f6720_0 .var/s "out", 15 0;
S_0x55c6570f6850 .scope module, "reg_x" "registrador" 5 30, 7 1 0, S_0x55c6570f1bf0;
 .timescale 0 0;
    .port_info 0 /INPUT 1 "clk"
    .port_info 1 /INPUT 1 "l"
    .port_info 2 /INPUT 16 "in"
    .port_info 3 /OUTPUT 16 "out"
v0x55c6570f6a90_0 .net "clk", 0 0, v0x55c6570f9bb0_0;  alias, 1 drivers
v0x55c6570f6b50_0 .net/s "in", 15 0, L_0x55c65711b910;  alias, 1 drivers
v0x55c6570f6c30_0 .net "l", 0 0, L_0x55c6571100f0;  alias, 1 drivers
v0x55c6570f6d30_0 .var/s "out", 15 0;
S_0x55c6570f6e80 .scope module, "ula0" "ula" 5 38, 8 1 0, S_0x55c6570f1bf0;
 .timescale 0 0;
    .port_info 0 /INPUT 16 "a"
    .port_info 1 /INPUT 16 "b"
    .port_info 2 /INPUT 1 "h"
    .port_info 3 /OUTPUT 16 "out"
v0x55c6570f70c0_0 .net/s *"_s1", 15 0, L_0x55c65711e340;  1 drivers
v0x55c6570f71c0_0 .net/s *"_s2", 15 0, L_0x55c65711e500;  1 drivers
v0x55c6570f72a0_0 .net/s "a", 15 0, L_0x55c65711d7c0;  alias, 1 drivers
v0x55c6570f73a0_0 .net/s "b", 15 0, L_0x55c65711e200;  alias, 1 drivers
v0x55c6570f7470_0 .net "h", 0 0, L_0x55c65710f730;  alias, 1 drivers
v0x55c6570f7560_0 .net/s "out", 15 0, L_0x55c65711e5a0;  alias, 1 drivers
L_0x55c65711e340 .arith/mult 16, L_0x55c65711d7c0, L_0x55c65711e200;
L_0x55c65711e500 .arith/sum 16, L_0x55c65711d7c0, L_0x55c65711e200;
L_0x55c65711e5a0 .functor MUXZ 16, L_0x55c65711e500, L_0x55c65711e340, L_0x55c65710f730, C4<>;
    .scope S_0x55c6570bd1a0;
T_0 ;
    %wait E_0x55c657069480;
    %load/vec4 v0x55c6570f18d0_0;
    %flag_set/vec4 8;
    %jmp/0xz  T_0.0, 8;
    %pushi/vec4 0, 0, 4;
    %assign/vec4 v0x55c6570f1990_0, 0;
    %jmp T_0.1;
T_0.0 ;
    %load/vec4 v0x55c6570f1990_0;
    %pad/u 32;
    %pushi/vec4 0, 0, 32;
    %cmp/e;
    %flag_get/vec4 4;
    %load/vec4 v0x55c6570f1750_0;
    %inv;
    %and;
    %flag_set/vec4 8;
    %jmp/0xz  T_0.2, 8;
    %load/vec4 v0x55c6570f1990_0;
    %assign/vec4 v0x55c6570f1990_0, 0;
    %jmp T_0.3;
T_0.2 ;
    %load/vec4 v0x55c6570f1990_0;
    %pad/u 32;
    %cmpi/e 8, 0, 32;
    %jmp/0xz  T_0.4, 4;
    %pushi/vec4 0, 0, 4;
    %assign/vec4 v0x55c6570f1990_0, 0;
    %jmp T_0.5;
T_0.4 ;
    %load/vec4 v0x55c6570f1990_0;
    %addi 1, 0, 4;
    %assign/vec4 v0x55c6570f1990_0, 0;
T_0.5 ;
T_0.3 ;
T_0.1 ;
    %jmp T_0;
    .thread T_0;
    .scope S_0x55c6570f6850;
T_1 ;
    %wait E_0x55c65706ac00;
    %load/vec4 v0x55c6570f6c30_0;
    %pad/u 32;
    %cmpi/e 1, 0, 32;
    %jmp/0xz  T_1.0, 4;
    %load/vec4 v0x55c6570f6b50_0;
    %assign/vec4 v0x55c6570f6d30_0, 0;
T_1.0 ;
    %jmp T_1;
    .thread T_1;
    .scope S_0x55c6570f61f0;
T_2 ;
    %wait E_0x55c65706ac00;
    %load/vec4 v0x55c6570f6650_0;
    %pad/u 32;
    %cmpi/e 1, 0, 32;
    %jmp/0xz  T_2.0, 4;
    %load/vec4 v0x55c6570f6590_0;
    %assign/vec4 v0x55c6570f6720_0, 0;
T_2.0 ;
    %jmp T_2;
    .thread T_2;
    .scope S_0x55c6570f5bb0;
T_3 ;
    %wait E_0x55c65706ac00;
    %load/vec4 v0x55c6570f5fa0_0;
    %pad/u 32;
    %cmpi/e 1, 0, 32;
    %jmp/0xz  T_3.0, 4;
    %load/vec4 v0x55c6570f5ee0_0;
    %assign/vec4 v0x55c6570f60a0_0, 0;
T_3.0 ;
    %jmp T_3;
    .thread T_3;
    .scope S_0x55c6570c1de0;
T_4 ;
    %pushi/vec4 0, 0, 32;
    %store/vec4 v0x55c6570f9c50_0, 0, 32;
    %pushi/vec4 0, 0, 1;
    %store/vec4 v0x55c6570f9bb0_0, 0, 1;
    %pushi/vec4 0, 0, 1;
    %store/vec4 v0x55c6570f9d30_0, 0, 1;
    %pushi/vec4 0, 0, 1;
    %store/vec4 v0x55c6570fa1f0_0, 0, 1;
    %end;
    .thread T_4;
    .scope S_0x55c6570c1de0;
T_5 ;
    %delay 1, 0;
    %load/vec4 v0x55c6570f9bb0_0;
    %inv;
    %assign/vec4 v0x55c6570f9bb0_0, 0;
    %jmp T_5;
    .thread T_5;
    .scope S_0x55c6570c1de0;
T_6 ;
    %wait E_0x55c65706aa00;
    %vpi_func 2 33 "$fscanf" 32, v0x55c6570f9f00_0, "%d %d %d %d", v0x55c6570fa4b0_0, v0x55c6570f9970_0, v0x55c6570f9a50_0, v0x55c6570f9b10_0 {0 0 0};
    %store/vec4 v0x55c6570f9fe0_0, 0, 32;
    %jmp T_6;
    .thread T_6;
    .scope S_0x55c6570c1de0;
T_7 ;
    %wait E_0x55c6570690a0;
    %vpi_func 2 44 "$fscanf" 32, v0x55c6570fa2e0_0, "%d", v0x55c6570f9e20_0 {0 0 0};
    %store/vec4 v0x55c6570f9fe0_0, 0, 32;
    %load/vec4 v0x55c6570f9e20_0;
    %load/vec4 v0x55c6570fa5c0_0;
    %cmp/ne;
    %jmp/0xz  T_7.0, 6;
    %vpi_call 2 46 "$display", "Erro: esperava %d, recebi %d.", v0x55c6570f9e20_0, v0x55c6570fa5c0_0 {0 0 0};
    %vpi_call 2 47 "$finish" {0 0 0};
    %jmp T_7.1;
T_7.0 ;
    %load/vec4 v0x55c6570f9c50_0;
    %addi 1, 0, 32;
    %store/vec4 v0x55c6570f9c50_0, 0, 32;
    %vpi_call 2 51 "$display", "Verificacao no. %d correta.", v0x55c6570f9c50_0 {0 0 0};
T_7.1 ;
    %jmp T_7;
    .thread T_7;
    .scope S_0x55c6570c1de0;
T_8 ;
    %vpi_call 2 67 "$dumpvars" {0 0 0};
    %pushi/vec4 1, 0, 1;
    %assign/vec4 v0x55c6570fa1f0_0, 0;
    %delay 10, 0;
    %pushi/vec4 0, 0, 1;
    %assign/vec4 v0x55c6570fa1f0_0, 0;
    %vpi_func 2 75 "$fopenr" 32, "input.txt" {0 0 0};
    %store/vec4 v0x55c6570f9f00_0, 0, 32;
    %vpi_func 2 76 "$fopenr" 32, "output.txt" {0 0 0};
    %store/vec4 v0x55c6570fa2e0_0, 0, 32;
T_8.0 ;
    %vpi_func 2 78 "$feof" 32, v0x55c6570f9f00_0 {0 0 0};
    %nor/r;
    %flag_set/vec4 8;
    %jmp/0xz T_8.1, 8;
    %delay 10, 0;
    %pushi/vec4 1, 0, 1;
    %assign/vec4 v0x55c6570f9d30_0, 0;
    %delay 2, 0;
    %pushi/vec4 0, 0, 1;
    %assign/vec4 v0x55c6570f9d30_0, 0;
T_8.2 ;
    %load/vec4 v0x55c6570fa3c0_0;
    %nor/r;
    %flag_set/vec4 8;
    %jmp/0xz T_8.3, 8;
    %delay 1, 0;
    %jmp T_8.2;
T_8.3 ;
T_8.4 ;
    %load/vec4 v0x55c6570fa150_0;
    %nor/r;
    %flag_set/vec4 8;
    %jmp/0xz T_8.5, 8;
    %delay 1, 0;
    %jmp T_8.4;
T_8.5 ;
    %jmp T_8.0;
T_8.1 ;
    %vpi_call 2 92 "$display", "Resultado nota 10." {0 0 0};
    %vpi_call 2 93 "$finish" {0 0 0};
    %end;
    .thread T_8;
# The file index is used to find the file name in the following table.
:file_names 9;
    "N/A";
    "<interactive>";
    "testbench.v";
    "./solve.v";
    "./bc.v";
    "./bo.v";
    "./mux.v";
    "./registrador.v";
    "./ula.v";
