#! /usr/bin/vvp
:ivl_version "10.3 (stable)";
:ivl_delay_selection "TYPICAL";
:vpi_time_precision + 0;
:vpi_module "system";
:vpi_module "vhdl_sys";
:vpi_module "v2005_math";
:vpi_module "va_math";
S_0x562a035bfd90 .scope module, "testbench" "testbench" 2 1;
 .timescale 0 0;
v0x562a035d0d10_0 .var "a", 0 0;
v0x562a035d0dd0_0 .net "aberto", 0 0, L_0x562a035d13b0;  1 drivers
v0x562a035d0ea0_0 .var "b", 0 0;
v0x562a035d0fa0_0 .var "c", 0 0;
v0x562a035d1070_0 .var "d", 0 0;
S_0x562a035bff10 .scope module, "cad1" "cadeado" 2 5, 3 1 0, S_0x562a035bfd90;
 .timescale 0 0;
    .port_info 0 /OUTPUT 1 "aberto"
    .port_info 1 /INPUT 1 "a"
    .port_info 2 /INPUT 1 "b"
    .port_info 3 /INPUT 1 "c"
    .port_info 4 /INPUT 1 "d"
L_0x562a035d1160 .functor AND 1, v0x562a035d0d10_0, v0x562a035d0ea0_0, C4<1>, C4<1>;
L_0x562a035d12a0 .functor AND 1, L_0x562a035d1160, v0x562a035d0fa0_0, C4<1>, C4<1>;
L_0x562a035d13b0 .functor AND 1, L_0x562a035d12a0, v0x562a035d1070_0, C4<1>, C4<1>;
v0x562a0358a0b0_0 .net *"_s0", 0 0, L_0x562a035d1160;  1 drivers
v0x562a035d0770_0 .net *"_s2", 0 0, L_0x562a035d12a0;  1 drivers
v0x562a035d0850_0 .net "a", 0 0, v0x562a035d0d10_0;  1 drivers
v0x562a035d0920_0 .net "aberto", 0 0, L_0x562a035d13b0;  alias, 1 drivers
v0x562a035d09e0_0 .net "b", 0 0, v0x562a035d0ea0_0;  1 drivers
v0x562a035d0af0_0 .net "c", 0 0, v0x562a035d0fa0_0;  1 drivers
v0x562a035d0bb0_0 .net "d", 0 0, v0x562a035d1070_0;  1 drivers
    .scope S_0x562a035bfd90;
T_0 ;
    %pushi/vec4 0, 0, 1;
    %store/vec4 v0x562a035d0d10_0, 0, 1;
    %pushi/vec4 0, 0, 1;
    %store/vec4 v0x562a035d0ea0_0, 0, 1;
    %pushi/vec4 0, 0, 1;
    %store/vec4 v0x562a035d0fa0_0, 0, 1;
    %pushi/vec4 0, 0, 1;
    %store/vec4 v0x562a035d1070_0, 0, 1;
    %end;
    .thread T_0;
    .scope S_0x562a035bfd90;
T_1 ;
    %vpi_call 2 8 "$dumpvars" {0 0 0};
    %pushi/vec4 1, 0, 1;
    %assign/vec4 v0x562a035d0d10_0, 0;
    %pushi/vec4 1, 0, 1;
    %assign/vec4 v0x562a035d0ea0_0, 0;
    %pushi/vec4 1, 0, 1;
    %assign/vec4 v0x562a035d0fa0_0, 0;
    %pushi/vec4 1, 0, 1;
    %assign/vec4 v0x562a035d1070_0, 0;
    %delay 500, 0;
    %vpi_call 2 17 "$finish" {0 0 0};
    %end;
    .thread T_1;
# The file index is used to find the file name in the following table.
:file_names 4;
    "N/A";
    "<interactive>";
    "testbench.v";
    "cadeado.v";
