#! /usr/bin/vvp
:ivl_version "10.3 (stable)";
:ivl_delay_selection "TYPICAL";
:vpi_time_precision + 0;
:vpi_module "system";
:vpi_module "vhdl_sys";
:vpi_module "v2005_math";
:vpi_module "va_math";
S_0x55ec7373e9f0 .scope module, "testbench" "testbench" 2 1;
 .timescale 0 0;
v0x55ec73752400_0 .var "a", 0 0;
v0x55ec737524c0_0 .net "aberto", 0 0, L_0x55ec73762d20;  1 drivers
v0x55ec73752590_0 .var "b", 0 0;
v0x55ec73752690_0 .var "c", 0 0;
v0x55ec73752760_0 .var "d", 0 0;
S_0x55ec7373eb70 .scope module, "cad1" "cadeado" 2 5, 3 1 0, S_0x55ec7373e9f0;
 .timescale 0 0;
    .port_info 0 /OUTPUT 1 "aberto"
    .port_info 1 /INPUT 1 "a"
    .port_info 2 /INPUT 1 "b"
    .port_info 3 /INPUT 1 "c"
    .port_info 4 /INPUT 1 "d"
L_0x55ec73752800 .functor AND 1, v0x55ec73752400_0, v0x55ec73752590_0, C4<1>, C4<1>;
L_0x55ec73762c10 .functor AND 1, L_0x55ec73752800, L_0x55ec73762aa0, C4<1>, C4<1>;
L_0x55ec73762d20 .functor AND 1, L_0x55ec73762c10, v0x55ec73752760_0, C4<1>, C4<1>;
v0x55ec73708030_0 .net *"_s0", 0 0, L_0x55ec73752800;  1 drivers
v0x55ec73751a20_0 .net *"_s10", 0 0, L_0x55ec73762c10;  1 drivers
v0x55ec73751b00_0 .net *"_s2", 31 0, L_0x55ec73752940;  1 drivers
L_0x7fe9a9df6018 .functor BUFT 1, C4<0000000000000000>, C4<0>, C4<0>, C4<0>;
v0x55ec73751bf0_0 .net *"_s5", 15 0, L_0x7fe9a9df6018;  1 drivers
L_0x7fe9a9df6060 .functor BUFT 1, C4<00000000000000000000000000001010>, C4<0>, C4<0>, C4<0>;
v0x55ec73751cd0_0 .net/2u *"_s6", 31 0, L_0x7fe9a9df6060;  1 drivers
v0x55ec73751e00_0 .net *"_s8", 0 0, L_0x55ec73762aa0;  1 drivers
v0x55ec73751ec0_0 .net "a", 0 0, v0x55ec73752400_0;  1 drivers
v0x55ec73751f80_0 .net "aberto", 0 0, L_0x55ec73762d20;  alias, 1 drivers
v0x55ec73752040_0 .net "b", 0 0, v0x55ec73752590_0;  1 drivers
v0x55ec73752100_0 .net "c", 0 0, v0x55ec73752690_0;  1 drivers
v0x55ec737521c0_0 .var "conta_c", 15 0;
v0x55ec737522a0_0 .net "d", 0 0, v0x55ec73752760_0;  1 drivers
E_0x55ec73708650 .event posedge, v0x55ec73752100_0;
L_0x55ec73752940 .concat [ 16 16 0 0], v0x55ec737521c0_0, L_0x7fe9a9df6018;
L_0x55ec73762aa0 .cmp/eq 32, L_0x55ec73752940, L_0x7fe9a9df6060;
    .scope S_0x55ec7373eb70;
T_0 ;
    %pushi/vec4 0, 0, 16;
    %store/vec4 v0x55ec737521c0_0, 0, 16;
    %end;
    .thread T_0;
    .scope S_0x55ec7373eb70;
T_1 ;
    %wait E_0x55ec73708650;
    %load/vec4 v0x55ec737521c0_0;
    %addi 1, 0, 16;
    %assign/vec4 v0x55ec737521c0_0, 0;
    %jmp T_1;
    .thread T_1;
    .scope S_0x55ec7373e9f0;
T_2 ;
    %pushi/vec4 0, 0, 1;
    %store/vec4 v0x55ec73752400_0, 0, 1;
    %pushi/vec4 0, 0, 1;
    %store/vec4 v0x55ec73752590_0, 0, 1;
    %pushi/vec4 0, 0, 1;
    %store/vec4 v0x55ec73752690_0, 0, 1;
    %pushi/vec4 0, 0, 1;
    %store/vec4 v0x55ec73752760_0, 0, 1;
    %end;
    .thread T_2;
    .scope S_0x55ec7373e9f0;
T_3 ;
    %delay 1, 0;
    %load/vec4 v0x55ec73752690_0;
    %inv;
    %assign/vec4 v0x55ec73752690_0, 0;
    %load/vec4 v0x55ec737524c0_0;
    %pad/u 32;
    %cmpi/e 1, 0, 32;
    %jmp/0xz  T_3.0, 4;
    %pushi/vec4 1, 0, 1;
    %assign/vec4 v0x55ec73752690_0, 0;
T_3.0 ;
    %jmp T_3;
    .thread T_3;
    .scope S_0x55ec7373e9f0;
T_4 ;
    %vpi_call 2 15 "$dumpvars" {0 0 0};
    %pushi/vec4 1, 0, 1;
    %assign/vec4 v0x55ec73752400_0, 0;
    %pushi/vec4 1, 0, 1;
    %assign/vec4 v0x55ec73752590_0, 0;
    %pushi/vec4 1, 0, 1;
    %assign/vec4 v0x55ec73752760_0, 0;
    %delay 500, 0;
    %vpi_call 2 23 "$finish" {0 0 0};
    %end;
    .thread T_4;
# The file index is used to find the file name in the following table.
:file_names 4;
    "N/A";
    "<interactive>";
    "testbench.v";
    "cadeado.v";
