#! /usr/bin/vvp
:ivl_version "10.3 (stable)";
:ivl_delay_selection "TYPICAL";
:vpi_time_precision + 0;
:vpi_module "system";
:vpi_module "vhdl_sys";
:vpi_module "v2005_math";
:vpi_module "va_math";
S_0x565431469e00 .scope module, "testbench" "testbench" 2 1;
 .timescale 0 0;
v0x565431479a20_0 .var "a", 3 0;
v0x565431479ae0_0 .net "aberto", 0 0, L_0x565431479f80;  1 drivers
v0x565431479bb0_0 .var "b", 3 0;
S_0x565431469f80 .scope module, "cad1" "cadeado" 2 6, 3 1 0, S_0x565431469e00;
 .timescale 0 0;
    .port_info 0 /OUTPUT 1 "aberto"
    .port_info 1 /INPUT 4 "a"
    .port_info 2 /INPUT 4 "b"
L_0x565431479dd0 .functor NOT 2, L_0x565431479cb0, C4<00>, C4<00>, C4<00>;
v0x565431434080_0 .net *"_s1", 1 0, L_0x565431479cb0;  1 drivers
v0x565431479530_0 .net *"_s2", 1 0, L_0x565431479dd0;  1 drivers
v0x565431479610_0 .net *"_s5", 1 0, L_0x565431479e90;  1 drivers
v0x5654314796d0_0 .net "a", 3 0, v0x565431479a20_0;  1 drivers
v0x5654314797b0_0 .net "aberto", 0 0, L_0x565431479f80;  alias, 1 drivers
v0x5654314798c0_0 .net "b", 3 0, v0x565431479bb0_0;  1 drivers
L_0x565431479cb0 .part v0x565431479a20_0, 0, 2;
L_0x565431479e90 .part v0x565431479bb0_0, 2, 2;
L_0x565431479f80 .cmp/eq 2, L_0x565431479dd0, L_0x565431479e90;
    .scope S_0x565431469e00;
T_0 ;
    %vpi_call 2 9 "$dumpvars" {0 0 0};
    %pushi/vec4 0, 0, 4;
    %assign/vec4 v0x565431479a20_0, 0;
    %pushi/vec4 12, 0, 4;
    %assign/vec4 v0x565431479bb0_0, 0;
    %delay 500, 0;
    %vpi_call 2 16 "$finish" {0 0 0};
    %end;
    .thread T_0;
# The file index is used to find the file name in the following table.
:file_names 4;
    "N/A";
    "<interactive>";
    "testbench.v";
    "cadeado.v";
