#! /usr/bin/vvp
:ivl_version "10.3 (stable)";
:ivl_delay_selection "TYPICAL";
:vpi_time_precision + 0;
:vpi_module "system";
:vpi_module "vhdl_sys";
:vpi_module "v2005_math";
:vpi_module "va_math";
S_0x55a313f7c650 .scope module, "testbench" "testbench" 2 1;
 .timescale 0 0;
v0x55a313f917c0_0 .var "a", 0 0;
v0x55a313f91880_0 .net "aberto", 0 0, L_0x55a313fa23a0;  1 drivers
v0x55a313f91950_0 .var "b", 0 0;
v0x55a313f91a50_0 .var "c", 0 0;
v0x55a313f91b20_0 .var "d", 0 0;
S_0x55a313f7c7d0 .scope module, "cad1" "cadeado" 2 5, 3 1 0, S_0x55a313f7c650;
 .timescale 0 0;
    .port_info 0 /OUTPUT 1 "aberto"
    .port_info 1 /INPUT 1 "a"
    .port_info 2 /INPUT 1 "b"
    .port_info 3 /INPUT 1 "c"
    .port_info 4 /INPUT 1 "d"
L_0x55a313f91bc0 .functor AND 1, v0x55a313f917c0_0, v0x55a313f91950_0, C4<1>, C4<1>;
L_0x55a313fa1fd0 .functor AND 1, L_0x55a313f91bc0, L_0x55a313fa1e60, C4<1>, C4<1>;
L_0x55a313fa23a0 .functor AND 1, L_0x55a313fa1fd0, L_0x55a313fa2200, C4<1>, C4<1>;
v0x55a313f45030_0 .net *"_s0", 0 0, L_0x55a313f91bc0;  1 drivers
v0x55a313f909a0_0 .net *"_s10", 0 0, L_0x55a313fa1fd0;  1 drivers
v0x55a313f90a80_0 .net *"_s12", 31 0, L_0x55a313fa20e0;  1 drivers
L_0x7f600bb2d0a8 .functor BUFT 1, C4<0000000000000000>, C4<0>, C4<0>, C4<0>;
v0x55a313f90b70_0 .net *"_s15", 15 0, L_0x7f600bb2d0a8;  1 drivers
L_0x7f600bb2d0f0 .functor BUFT 1, C4<00000000000000000000000000000101>, C4<0>, C4<0>, C4<0>;
v0x55a313f90c50_0 .net/2u *"_s16", 31 0, L_0x7f600bb2d0f0;  1 drivers
v0x55a313f90d80_0 .net *"_s18", 0 0, L_0x55a313fa2200;  1 drivers
v0x55a313f90e40_0 .net *"_s2", 31 0, L_0x55a313f91d00;  1 drivers
L_0x7f600bb2d018 .functor BUFT 1, C4<0000000000000000>, C4<0>, C4<0>, C4<0>;
v0x55a313f90f20_0 .net *"_s5", 15 0, L_0x7f600bb2d018;  1 drivers
L_0x7f600bb2d060 .functor BUFT 1, C4<00000000000000000000000000001010>, C4<0>, C4<0>, C4<0>;
v0x55a313f91000_0 .net/2u *"_s6", 31 0, L_0x7f600bb2d060;  1 drivers
v0x55a313f910e0_0 .net *"_s8", 0 0, L_0x55a313fa1e60;  1 drivers
v0x55a313f911a0_0 .net "a", 0 0, v0x55a313f917c0_0;  1 drivers
v0x55a313f91260_0 .net "aberto", 0 0, L_0x55a313fa23a0;  alias, 1 drivers
v0x55a313f91320_0 .net "b", 0 0, v0x55a313f91950_0;  1 drivers
v0x55a313f913e0_0 .net "c", 0 0, v0x55a313f91a50_0;  1 drivers
v0x55a313f914a0_0 .var "conta_c", 15 0;
v0x55a313f91580_0 .var "conta_d", 15 0;
v0x55a313f91660_0 .net "d", 0 0, v0x55a313f91b20_0;  1 drivers
E_0x55a313f45a90 .event negedge, v0x55a313f91660_0;
E_0x55a313f7a500 .event posedge, v0x55a313f913e0_0;
L_0x55a313f91d00 .concat [ 16 16 0 0], v0x55a313f914a0_0, L_0x7f600bb2d018;
L_0x55a313fa1e60 .cmp/eq 32, L_0x55a313f91d00, L_0x7f600bb2d060;
L_0x55a313fa20e0 .concat [ 16 16 0 0], v0x55a313f91580_0, L_0x7f600bb2d0a8;
L_0x55a313fa2200 .cmp/eq 32, L_0x55a313fa20e0, L_0x7f600bb2d0f0;
    .scope S_0x55a313f7c7d0;
T_0 ;
    %pushi/vec4 0, 0, 16;
    %store/vec4 v0x55a313f914a0_0, 0, 16;
    %pushi/vec4 0, 0, 16;
    %store/vec4 v0x55a313f91580_0, 0, 16;
    %end;
    .thread T_0;
    .scope S_0x55a313f7c7d0;
T_1 ;
    %wait E_0x55a313f7a500;
    %load/vec4 v0x55a313f914a0_0;
    %addi 1, 0, 16;
    %assign/vec4 v0x55a313f914a0_0, 0;
    %jmp T_1;
    .thread T_1;
    .scope S_0x55a313f7c7d0;
T_2 ;
    %wait E_0x55a313f45a90;
    %load/vec4 v0x55a313f91580_0;
    %addi 1, 0, 16;
    %assign/vec4 v0x55a313f91580_0, 0;
    %jmp T_2;
    .thread T_2;
    .scope S_0x55a313f7c650;
T_3 ;
    %pushi/vec4 0, 0, 1;
    %store/vec4 v0x55a313f917c0_0, 0, 1;
    %pushi/vec4 0, 0, 1;
    %store/vec4 v0x55a313f91950_0, 0, 1;
    %pushi/vec4 0, 0, 1;
    %store/vec4 v0x55a313f91a50_0, 0, 1;
    %pushi/vec4 0, 0, 1;
    %store/vec4 v0x55a313f91b20_0, 0, 1;
    %end;
    .thread T_3;
    .scope S_0x55a313f7c650;
T_4 ;
    %delay 1, 0;
    %load/vec4 v0x55a313f91a50_0;
    %inv;
    %assign/vec4 v0x55a313f91a50_0, 0;
    %jmp T_4;
    .thread T_4;
    .scope S_0x55a313f7c650;
T_5 ;
    %delay 2, 0;
    %load/vec4 v0x55a313f91b20_0;
    %inv;
    %assign/vec4 v0x55a313f91b20_0, 0;
    %jmp T_5;
    .thread T_5;
    .scope S_0x55a313f7c650;
T_6 ;
    %vpi_call 2 16 "$dumpvars" {0 0 0};
    %pushi/vec4 1, 0, 1;
    %assign/vec4 v0x55a313f917c0_0, 0;
    %pushi/vec4 1, 0, 1;
    %assign/vec4 v0x55a313f91950_0, 0;
    %delay 500, 0;
    %vpi_call 2 23 "$finish" {0 0 0};
    %end;
    .thread T_6;
# The file index is used to find the file name in the following table.
:file_names 4;
    "N/A";
    "<interactive>";
    "testbench.v";
    "cadeado.v";
