#! /usr/bin/vvp
:ivl_version "10.3 (stable)";
:ivl_delay_selection "TYPICAL";
:vpi_time_precision + 0;
:vpi_module "system";
:vpi_module "vhdl_sys";
:vpi_module "v2005_math";
:vpi_module "va_math";
S_0x55894b9bbd10 .scope module, "testbench" "testbench" 2 1;
 .timescale 0 0;
v0x55894b9cc7c0_0 .var "a", 0 0;
v0x55894b9cc860_0 .net "aberto", 0 0, L_0x55894b9dcaa0;  1 drivers
v0x55894b9cc930_0 .var "m", 0 0;
S_0x55894b9bbe90 .scope module, "cad1" "cadeado" 2 5, 3 1 0, S_0x55894b9bbd10;
 .timescale 0 0;
    .port_info 0 /OUTPUT 1 "aberto"
    .port_info 1 /INPUT 1 "a"
    .port_info 2 /INPUT 1 "m"
L_0x7f15898bf018 .functor BUFT 1, C4<01000000000000000000000000000000>, C4<0>, C4<0>, C4<0>;
v0x55894b985030_0 .net/2u *"_s0", 31 0, L_0x7f15898bf018;  1 drivers
v0x55894b9cc3f0_0 .net "a", 0 0, v0x55894b9cc7c0_0;  1 drivers
v0x55894b9cc4b0_0 .net "aberto", 0 0, L_0x55894b9dcaa0;  alias, 1 drivers
v0x55894b9cc550_0 .var "conta", 31 0;
v0x55894b9cc630_0 .net "m", 0 0, v0x55894b9cc930_0;  1 drivers
E_0x55894b985890 .event posedge, v0x55894b9cc3f0_0;
L_0x55894b9dcaa0 .cmp/eq 32, v0x55894b9cc550_0, L_0x7f15898bf018;
    .scope S_0x55894b9bbe90;
T_0 ;
    %pushi/vec4 0, 0, 32;
    %store/vec4 v0x55894b9cc550_0, 0, 32;
    %end;
    .thread T_0;
    .scope S_0x55894b9bbe90;
T_1 ;
    %wait E_0x55894b985890;
    %load/vec4 v0x55894b9cc630_0;
    %pad/u 32;
    %cmpi/e 1, 0, 32;
    %jmp/0xz  T_1.0, 4;
    %load/vec4 v0x55894b9cc550_0;
    %addi 1, 0, 32;
    %assign/vec4 v0x55894b9cc550_0, 0;
    %jmp T_1.1;
T_1.0 ;
    %load/vec4 v0x55894b9cc550_0;
    %subi 1, 0, 32;
    %assign/vec4 v0x55894b9cc550_0, 0;
T_1.1 ;
    %jmp T_1;
    .thread T_1;
    .scope S_0x55894b9bbd10;
T_2 ;
    %pushi/vec4 0, 0, 1;
    %store/vec4 v0x55894b9cc7c0_0, 0, 1;
    %pushi/vec4 0, 0, 1;
    %store/vec4 v0x55894b9cc930_0, 0, 1;
    %end;
    .thread T_2;
    .scope S_0x55894b9bbd10;
T_3 ;
    %delay 1, 0;
    %load/vec4 v0x55894b9cc7c0_0;
    %inv;
    %assign/vec4 v0x55894b9cc7c0_0, 0;
    %jmp T_3;
    .thread T_3;
    .scope S_0x55894b9bbd10;
T_4 ;
    %vpi_call 2 12 "$dumpvars" {0 0 0};
    %delay 2147483648, 0;
    %pushi/vec4 1, 0, 1;
    %assign/vec4 v0x55894b9cc930_0, 0;
    %delay 500, 0;
    %vpi_call 2 20 "$finish" {0 0 0};
    %end;
    .thread T_4;
# The file index is used to find the file name in the following table.
:file_names 4;
    "N/A";
    "<interactive>";
    "testbench.v";
    "cadeado.v";
