#! /usr/bin/vvp
:ivl_version "10.3 (stable)";
:ivl_delay_selection "TYPICAL";
:vpi_time_precision + 0;
:vpi_module "system";
:vpi_module "vhdl_sys";
:vpi_module "v2005_math";
:vpi_module "va_math";
S_0x55568eaac650 .scope module, "testbech" "testbech" 2 1;
 .timescale 0 0;
v0x55568eac1550_0 .var "a", 0 0;
v0x55568eac1610_0 .net "aberto", 0 0, L_0x55568ead2130;  1 drivers
v0x55568eac16e0_0 .var "b", 0 0;
v0x55568eac17e0_0 .var "c", 0 0;
v0x55568eac18b0_0 .var "d", 0 0;
S_0x55568eaac7d0 .scope module, "cad1" "cadeado" 2 5, 3 1 0, S_0x55568eaac650;
 .timescale 0 0;
    .port_info 0 /OUTPUT 1 "aberto"
    .port_info 1 /INPUT 1 "a"
    .port_info 2 /INPUT 1 "b"
    .port_info 3 /INPUT 1 "c"
    .port_info 4 /INPUT 1 "d"
L_0x55568eac1950 .functor OR 1, v0x55568eac1550_0, v0x55568eac16e0_0, C4<0>, C4<0>;
L_0x55568ead1d60 .functor AND 1, L_0x55568eac1950, L_0x55568ead1bf0, C4<1>, C4<1>;
L_0x55568ead2130 .functor AND 1, L_0x55568ead1d60, L_0x55568ead1f90, C4<1>, C4<1>;
v0x55568ea75030_0 .net *"_s0", 0 0, L_0x55568eac1950;  1 drivers
v0x55568eac0730_0 .net *"_s10", 0 0, L_0x55568ead1d60;  1 drivers
v0x55568eac0810_0 .net *"_s12", 31 0, L_0x55568ead1e70;  1 drivers
L_0x7f79c45950a8 .functor BUFT 1, C4<0000000000000000>, C4<0>, C4<0>, C4<0>;
v0x55568eac0900_0 .net *"_s15", 15 0, L_0x7f79c45950a8;  1 drivers
L_0x7f79c45950f0 .functor BUFT 1, C4<00000000000000000000000000000101>, C4<0>, C4<0>, C4<0>;
v0x55568eac09e0_0 .net/2u *"_s16", 31 0, L_0x7f79c45950f0;  1 drivers
v0x55568eac0b10_0 .net *"_s18", 0 0, L_0x55568ead1f90;  1 drivers
v0x55568eac0bd0_0 .net *"_s2", 31 0, L_0x55568eac1a90;  1 drivers
L_0x7f79c4595018 .functor BUFT 1, C4<0000000000000000>, C4<0>, C4<0>, C4<0>;
v0x55568eac0cb0_0 .net *"_s5", 15 0, L_0x7f79c4595018;  1 drivers
L_0x7f79c4595060 .functor BUFT 1, C4<00000000000000000000000000001010>, C4<0>, C4<0>, C4<0>;
v0x55568eac0d90_0 .net/2u *"_s6", 31 0, L_0x7f79c4595060;  1 drivers
v0x55568eac0e70_0 .net *"_s8", 0 0, L_0x55568ead1bf0;  1 drivers
v0x55568eac0f30_0 .net "a", 0 0, v0x55568eac1550_0;  1 drivers
v0x55568eac0ff0_0 .net "aberto", 0 0, L_0x55568ead2130;  alias, 1 drivers
v0x55568eac10b0_0 .net "b", 0 0, v0x55568eac16e0_0;  1 drivers
v0x55568eac1170_0 .net "c", 0 0, v0x55568eac17e0_0;  1 drivers
v0x55568eac1230_0 .var "conta_c", 15 0;
v0x55568eac1310_0 .var "conta_d", 15 0;
v0x55568eac13f0_0 .net "d", 0 0, v0x55568eac18b0_0;  1 drivers
E_0x55568ea75a90 .event negedge, v0x55568eac13f0_0;
E_0x55568eaaa500 .event posedge, v0x55568eac1170_0;
L_0x55568eac1a90 .concat [ 16 16 0 0], v0x55568eac1230_0, L_0x7f79c4595018;
L_0x55568ead1bf0 .cmp/eq 32, L_0x55568eac1a90, L_0x7f79c4595060;
L_0x55568ead1e70 .concat [ 16 16 0 0], v0x55568eac1310_0, L_0x7f79c45950a8;
L_0x55568ead1f90 .cmp/eq 32, L_0x55568ead1e70, L_0x7f79c45950f0;
    .scope S_0x55568eaac7d0;
T_0 ;
    %pushi/vec4 0, 0, 16;
    %store/vec4 v0x55568eac1230_0, 0, 16;
    %pushi/vec4 0, 0, 16;
    %store/vec4 v0x55568eac1310_0, 0, 16;
    %end;
    .thread T_0;
    .scope S_0x55568eaac7d0;
T_1 ;
    %wait E_0x55568eaaa500;
    %load/vec4 v0x55568eac1230_0;
    %addi 1, 0, 16;
    %assign/vec4 v0x55568eac1230_0, 0;
    %jmp T_1;
    .thread T_1;
    .scope S_0x55568eaac7d0;
T_2 ;
    %wait E_0x55568ea75a90;
    %load/vec4 v0x55568eac1310_0;
    %subi 1, 0, 16;
    %assign/vec4 v0x55568eac1310_0, 0;
    %jmp T_2;
    .thread T_2;
    .scope S_0x55568eaac650;
T_3 ;
    %pushi/vec4 0, 0, 1;
    %store/vec4 v0x55568eac1550_0, 0, 1;
    %pushi/vec4 0, 0, 1;
    %store/vec4 v0x55568eac16e0_0, 0, 1;
    %pushi/vec4 0, 0, 1;
    %store/vec4 v0x55568eac17e0_0, 0, 1;
    %pushi/vec4 0, 0, 1;
    %store/vec4 v0x55568eac18b0_0, 0, 1;
    %end;
    .thread T_3;
    .scope S_0x55568eaac650;
T_4 ;
    %delay 6553, 0;
    %load/vec4 v0x55568eac17e0_0;
    %inv;
    %assign/vec4 v0x55568eac17e0_0, 0;
    %jmp T_4;
    .thread T_4;
    .scope S_0x55568eaac650;
T_5 ;
    %delay 1, 0;
    %load/vec4 v0x55568eac18b0_0;
    %inv;
    %assign/vec4 v0x55568eac18b0_0, 0;
    %jmp T_5;
    .thread T_5;
    .scope S_0x55568eaac650;
T_6 ;
    %vpi_call 2 16 "$dumpvars" {0 0 0};
    %pushi/vec4 1, 0, 1;
    %assign/vec4 v0x55568eac1550_0, 0;
    %delay 131070, 0;
    %vpi_call 2 22 "$finish" {0 0 0};
    %end;
    .thread T_6;
# The file index is used to find the file name in the following table.
:file_names 4;
    "N/A";
    "<interactive>";
    "testbench.v";
    "cadeado.v";
